file name | last modified | file size
C:\Users\siche\template_archive\lib\gslab_make\docs\_sources\pages\api\write_logs\gslab_make.write_logs.start_makelog.rst.txt | 2026-05-05 17:49:36 | 109
C:\Users\siche\template_archive\lib\gslab_make\sphinx\source\pages\api\run_program\gslab_make.run_program.run_stata.rst | 2026-05-05 17:49:38 | 98
C:\Users\siche\template_archive\lib\gslab_make\build\lib\gslab_make\private\exceptionclasses.py | 2026-05-05 17:49:36 | 982
C:\Users\siche\template_archive\lib\gslab_make\sphinx\source\pages\filling.rst | 2026-05-05 17:49:38 | 267
C:\Users\siche\template_archive\lib\gslab_make\setup.py | 2026-05-05 17:49:37 | 762
C:\Users\siche\template_archive\lib\gslab_make\docs\_static\fonts\Lato\lato-italic.woff | 2026-05-05 17:49:37 | 328412
C:\Users\siche\template_archive\lib\gslab_make\sphinx\build\html\_sources\index.rst.txt | 2026-05-05 17:49:37 | 1071
C:\Users\siche\template_archive\lib\gslab_make\sphinx\source\pages\api\run_program\gslab_make.run_program.run_stat_transfer.rst | 2026-05-05 17:49:38 | 122
C:\Users\siche\template_archive\lib\gslab_make\docs\_static\jquery-3.6.0.js | 2026-05-05 17:49:37 | 299461
C:\Users\siche\template_archive\lib\gslab_make\gslab_make\__init__.py | 2026-05-05 17:49:37 | 2813
C:\Users\siche\template_archive\lib\gslab_make\sphinx\build\html\pages\api\run_program\gslab_make.run_program.run_python.html | 2026-05-05 17:49:38 | 11780
C:\Users\siche\template_archive\lib\gslab_make\docs\_sources\pages\specifying_paths.rst.txt | 2026-05-05 17:49:36 | 2659
C:\Users\siche\template_archive\lib\gslab_make\test\raw\move_sources\move_missing.txt | 2026-05-05 17:49:38 | 81
C:\Users\siche\template_archive\lib\gslab_make\sphinx\build\html\_static\css\fonts\lato-bold.woff | 2026-05-05 17:49:37 | 309728
C:\Users\siche\template_archive\lib\gslab_make\gslab_make\private\__pycache__\programdirective.cpython-314.pyc | 2026-05-05 17:51:46 | 14519
C:\Users\siche\template_archive\lib\gslab_make\docs\_sources\pages\general_logging.rst.txt | 2026-05-05 17:49:36 | 673
C:\Users\siche\template_archive\lib\gslab_make\docs\index.html | 2026-05-05 17:49:37 | 7743
C:\Users\siche\template_archive\lib\gslab_make\test\raw\run_program\lyx_file_comments_comments.lyx.bak | 2026-05-05 17:49:38 | 1866
C:\Users\siche\template_archive\lib\gslab_make\sphinx\build\html\pages\api\write_logs\gslab_make.write_logs.log_files_in_output.html | 2026-05-05 17:49:38 | 11186
C:\Users\siche\template_archive\lib\gslab_make\sphinx\source\pages\api\run_program\gslab_make.run_program.run_lyx.rst | 2026-05-05 17:49:38 | 92
C:\Users\siche\template_archive\lib\gslab_make\docs\_static\fonts\Lato-Regular.ttf | 2026-05-05 17:49:37 | 656568
C:\Users\siche\template_archive\lib\gslab_make\sphinx\build\html\_sources\pages\api\write_logs\gslab_make.write_logs.write_to_makelog.rst.txt | 2026-05-05 17:49:37 | 118
C:\Users\siche\template_archive\lib\gslab_make\docs\_sources\pages\directory.rst.txt | 2026-05-05 17:49:36 | 357
C:\Users\siche\template_archive\lib\gslab_make\sphinx\build\html\pages\api\check_repo\gslab_make.check_repo.check_conda_status.html | 2026-05-05 17:49:38 | 7505
C:\Users\siche\template_archive\lib\gslab_make\sphinx\build\html\pages\api\run_program\gslab_make.run_program.run_module.html | 2026-05-05 17:49:38 | 10735
C:\Users\siche\template_archive\lib\gslab_make\gslab_make\private\__pycache__\__init__.cpython-314.pyc | 2026-05-05 17:51:41 | 185
C:\Users\siche\template_archive\lib\gslab_make\build\lib\gslab_make\modify_dir.py | 2026-05-05 17:49:36 | 7632
C:\Users\siche\template_archive\lib\gslab_make\docs\_static\fonts\Inconsolata-Regular.ttf | 2026-05-05 17:49:37 | 96964
C:\Users\siche\template_archive\lib\gslab_make\sphinx\source\pages\specifying_paths.rst | 2026-05-05 17:49:38 | 2659
C:\Users\siche\template_archive\lib\gslab_make\sphinx\build\html\_static\fonts\Lato-Bold.ttf | 2026-05-05 17:49:38 | 656544
C:\Users\siche\template_archive\lib\gslab_make\docs\pages\api\run_program\gslab_make.run_program.run_perl.html | 2026-05-05 17:49:37 | 11786
C:\Users\siche\template_archive\lib\gslab_make\CODE_OF_CONDUCT.md | 2026-05-05 17:49:36 | 3429
C:\Users\siche\template_archive\lib\gslab_make\sphinx\build\html\_static\css\fonts\fontawesome-webfont.woff2 | 2026-05-05 17:49:37 | 77160
C:\Users\siche\template_archive\lib\gslab_make\sphinx\build\html\_static\fonts\RobotoSlab\roboto-slab-v7-bold.woff | 2026-05-05 17:49:38 | 87624
C:\Users\siche\template_archive\lib\gslab_make\gslab_make\private\__pycache__\messages.cpython-314.pyc | 2026-05-05 17:51:41 | 5895
C:\Users\siche\template_archive\lib\gslab_make\sphinx\build\html\_static\fonts\Lato\lato-bold.ttf | 2026-05-05 17:49:38 | 600856
C:\Users\siche\template_archive\lib\gslab_make\sphinx\build\html\objects.inv | 2026-05-05 17:49:38 | 1891
C:\Users\siche\template_archive\lib\gslab_make\sphinx\build\html\_static\fonts\Lato\lato-italic.eot | 2026-05-05 17:49:38 | 268604
C:\Users\siche\template_archive\lib\gslab_make\docs\_static\fonts\Lato\lato-regular.ttf | 2026-05-05 17:49:37 | 607720
C:\Users\siche\template_archive\lib\gslab_make\test\raw\run_program\lyx_file.lyx | 2026-05-05 17:49:38 | 1694
C:\Users\siche\template_archive\lib\gslab_make\sphinx\build\html\_static\fonts\Lato\lato-bolditalic.eot | 2026-05-05 17:49:38 | 266158
C:\Users\siche\template_archive\lib\gslab_make\test\raw\log_sources\dir\file.txt | 2026-05-05 17:49:38 | 29
C:\Users\siche\template_archive\lib\gslab_make\docs\pages\api\modify_dir\gslab_make.modify_dir.unzip.html | 2026-05-05 17:49:37 | 6969
C:\Users\siche\template_archive\lib\gslab_make\test\raw\move_sources\move_file.txt | 2026-05-05 17:49:38 | 65
C:\Users\siche\template_archive\lib\gslab_make\sphinx\build\doctrees\pages\api\check_repo\gslab_make.check_repo.check_module_size.doctree | 2026-05-05 17:49:37 | 9969
C:\Users\siche\template_archive\lib\gslab_make\sphinx\build\html\_sources\pages\sourcing.rst.txt | 2026-05-05 17:49:37 | 561
C:\Users\siche\template_archive\lib\gslab_make\docs\_static\css\fonts\fontawesome-webfont.woff | 2026-05-05 17:49:37 | 98024
C:\Users\siche\template_archive\lib\gslab_make\sphinx\build\html\_static\fonts\Lato\lato-bolditalic.ttf | 2026-05-05 17:49:38 | 622572
C:\Users\siche\template_archive\lib\gslab_make\docs\_static\css\fonts\lato-normal.woff2 | 2026-05-05 17:49:37 | 182708
C:\Users\siche\template_archive\lib\gslab_make\gslab_make\run_program.py | 2026-05-05 17:49:37 | 42761
C:\Users\siche\template_archive\lib\gslab_make\build\lib\gslab_make\write_version_logs.py | 2026-05-05 17:49:36 | 2673
C:\Users\siche\template_archive\lib\gslab_make\docs\_static\plus.png | 2026-05-05 17:49:37 | 90
C:\Users\siche\template_archive\lib\gslab_make\sphinx\build\html\_sources\pages\program.rst.txt | 2026-05-05 17:49:37 | 2781
C:\Users\siche\template_archive\lib\gslab_make\sphinx\build\html\_static\sphinx_highlight.js | 2026-05-05 17:49:38 | 4856
C:\Users\siche\template_archive\lib\gslab_make\sphinx\build\html\_sources\pages\api\modify_dir\gslab_make.modify_dir.unzip.rst.txt | 2026-05-05 17:49:37 | 85
C:\Users\siche\template_archive\lib\gslab_make\sphinx\build\html\_static\fonts\fontawesome-webfont.woff | 2026-05-05 17:49:38 | 98024
C:\Users\siche\template_archive\lib\gslab_make\test\raw\run_program\perl_script_arg.pl | 2026-05-05 17:49:38 | 213
C:\Users\siche\template_archive\lib\gslab_make\docs\pages\api\run_program\gslab_make.run_program.execute_command.html | 2026-05-05 17:49:37 | 11683
C:\Users\siche\template_archive\lib\gslab_make\docs\_static\js\html5shiv-printshiv.min.js | 2026-05-05 17:49:37 | 4373
C:\Users\siche\template_archive\lib\gslab_make\sphinx\build\doctrees\pages\general_logging.doctree | 2026-05-05 17:49:37 | 32832
C:\Users\siche\template_archive\lib\gslab_make\docs\_static\fonts\Lato\lato-italic.eot | 2026-05-05 17:49:37 | 268604
C:\Users\siche\template_archive\lib\gslab_make\sphinx\build\doctrees\pages\api\run_program\gslab_make.run_program.run_lyx.doctree | 2026-05-05 17:49:37 | 20832
C:\Users\siche\template_archive\lib\gslab_make\sphinx\build\html\pages\api\run_program\gslab_make.run_program.run_matlab.html | 2026-05-05 17:49:38 | 11786
C:\Users\siche\template_archive\lib\gslab_make\docs\_sources\pages\api\run_program\gslab_make.run_program.run_sas.rst.txt | 2026-05-05 17:49:36 | 92
C:\Users\siche\template_archive\lib\gslab_make\test\raw\tablefill\tablefill_template_not_enough_values.lyx | 2026-05-05 17:49:38 | 4038
C:\Users\siche\template_archive\lib\gslab_make\sphinx\build\html\_sources\pages\api\run_program\gslab_make.run_program.run_latex.rst.txt | 2026-05-05 17:49:37 | 98
C:\Users\siche\template_archive\lib\gslab_make\docs\_static\fonts\RobotoSlab-Regular.ttf | 2026-05-05 17:49:37 | 169064
C:\Users\siche\template_archive\lib\gslab_make\sphinx\build\html\pages\api\modify_dir\gslab_make.modify_dir.zip_dir.html | 2026-05-05 17:49:38 | 6936
C:\Users\siche\template_archive\lib\gslab_make\sphinx\build\html\_static\fonts\RobotoSlab\roboto-slab-v7-regular.woff2 | 2026-05-05 17:49:38 | 66444
C:\Users\siche\template_archive\lib\gslab_make\gslab_make\__pycache__\textfill.cpython-314.pyc | 2026-05-05 17:51:46 | 8854
C:\Users\siche\template_archive\lib\gslab_make\test\EXCLUDE_test_R.py | 2026-05-05 17:49:38 | 8207
C:\Users\siche\template_archive\lib\gslab_make\sphinx\build\html\pages\api\check_repo\gslab_make.check_repo.check_module_size.html | 2026-05-05 17:49:38 | 8776
C:\Users\siche\template_archive\lib\gslab_make\sphinx\build\html\_static\file.png | 2026-05-05 17:49:38 | 286
C:\Users\siche\template_archive\lib\gslab_make\test\raw\run_program\stata_script space.do | 2026-05-05 17:49:38 | 114
C:\Users\siche\template_archive\lib\gslab_make\docs\_sources\pages\filling.rst.txt | 2026-05-05 17:49:36 | 267
C:\Users\siche\template_archive\lib\gslab_make\sphinx\build\doctrees\pages\api\move_sources\gslab_make.move_sources.link_inputs.doctree | 2026-05-05 17:49:37 | 19628
C:\Users\siche\template_archive\lib\gslab_make\test\raw\run_program\r_script_error.R | 2026-05-05 17:49:38 | 5
C:\Users\siche\template_archive\lib\gslab_make\docs\pages\general_logging.html | 2026-05-05 17:49:37 | 15364
C:\Users\siche\template_archive\lib\gslab_make\test\raw\tablefill\tablefill_template.lyx | 2026-05-05 17:49:38 | 4500
C:\Users\siche\template_archive\lib\gslab_make\docs\pages\api\write_logs\gslab_make.write_logs.log_files_in_output.html | 2026-05-05 17:49:37 | 11186
C:\Users\siche\template_archive\lib\gslab_make\sphinx\build\html\_static\css\fonts\Roboto-Slab-Bold.woff | 2026-05-05 17:49:37 | 87624
C:\Users\siche\template_archive\lib\gslab_make\test\raw\run_program\r_script.R | 2026-05-05 17:49:38 | 104
C:\Users\siche\template_archive\lib\gslab_make\sphinx\build\doctrees\pages\api\modify_dir\gslab_make.modify_dir.remove_dir.doctree | 2026-05-05 17:49:37 | 10087
C:\Users\siche\template_archive\lib\gslab_make\sphinx\build\html\_sources\pages\api\run_program\gslab_make.run_program.run_lyx.rst.txt | 2026-05-05 17:49:37 | 92
C:\Users\siche\template_archive\lib\gslab_make\sphinx\build\html\_sources\pages\api\run_program\gslab_make.run_program.run_python.rst.txt | 2026-05-05 17:49:37 | 101
C:\Users\siche\template_archive\lib\gslab_make\docs\_sources\pages\utility.rst.txt | 2026-05-05 17:49:36 | 340
C:\Users\siche\template_archive\lib\gslab_make\test\raw\log_sources\move_recursion.txt | 2026-05-05 17:49:38 | 35
C:\Users\siche\template_archive\lib\gslab_make\test\raw\move_sources\move_bad.txt | 2026-05-05 17:49:38 | 32
C:\Users\siche\template_archive\lib\gslab_make\test\raw\log_outputs\dir_depth\depth_1.txt | 2026-05-05 17:49:38 | 29
C:\Users\siche\template_archive\lib\gslab_make\gslab_make\private\exceptionclasses.py | 2026-05-05 17:49:37 | 982
C:\Users\siche\template_archive\lib\gslab_make\sphinx\build\html\pages\specifying_paths.html | 2026-05-05 17:49:38 | 12337
C:\Users\siche\template_archive\lib\gslab_make\sphinx\build\html\_static\fonts\RobotoSlab\roboto-slab-v7-regular.woff | 2026-05-05 17:49:38 | 86288
C:\Users\siche\template_archive\lib\gslab_make\docs\_sources\pages\api\run_program\gslab_make.run_program.run_stat_transfer.rst.txt | 2026-05-05 17:49:36 | 122
C:\Users\siche\template_archive\lib\gslab_make\sphinx\build\doctrees\pages\api\run_program\gslab_make.run_program.run_mathematica.doctree | 2026-05-05 17:49:37 | 17521
C:\Users\siche\template_archive\lib\gslab_make\docs\_static\fonts\RobotoSlab-Bold.ttf | 2026-05-05 17:49:37 | 170616
C:\Users\siche\template_archive\lib\gslab_make\docs\pages\api\run_program\gslab_make.run_program.run_matlab.html | 2026-05-05 17:49:37 | 11786
C:\Users\siche\template_archive\lib\gslab_make\docs\_static\css\fonts\Roboto-Slab-Regular.woff2 | 2026-05-05 17:49:37 | 66444
C:\Users\siche\template_archive\lib\gslab_make\test\WIP_test_matlab.py | 2026-05-05 17:49:38 | 8218
C:\Users\siche\template_archive\lib\gslab_make\test\raw\tablefill\tablefill space.txt | 2026-05-05 17:49:38 | 69
C:\Users\siche\template_archive\lib\gslab_make\sphinx\build\doctrees\pages\api\run_program\gslab_make.run_program.run_python.doctree | 2026-05-05 17:49:37 | 17516
C:\Users\siche\template_archive\lib\gslab_make\build\lib\gslab_make\move_sources.py | 2026-05-05 17:49:36 | 20012
C:\Users\siche\template_archive\lib\gslab_make\sphinx\build\html\_static\fonts\Inconsolata.ttf | 2026-05-05 17:49:38 | 63184
C:\Users\siche\template_archive\lib\gslab_make\docs\_sources\pages\api\make_utility\gslab_make.make_utility.update_internal_paths.rst.txt | 2026-05-05 17:49:36 | 135
C:\Users\siche\template_archive\lib\gslab_make\sphinx\build\html\pages\repository.html | 2026-05-05 17:49:38 | 11751
C:\Users\siche\template_archive\lib\gslab_make\sphinx\build\html\pages\api\run_program\gslab_make.run_program.run_stata.html | 2026-05-05 17:49:38 | 12071
C:\Users\siche\template_archive\lib\gslab_make\test\test_log_sources.py | 2026-05-05 17:49:38 | 4702
C:\Users\siche\template_archive\lib\gslab_make\sphinx\build\html\_static\js\modernizr.min.js | 2026-05-05 17:49:38 | 15418
C:\Users\siche\template_archive\lib\gslab_make\docs\_static\js\modernizr.min.js | 2026-05-05 17:49:37 | 15418
C:\Users\siche\template_archive\lib\gslab_make\docs\_static\graphviz.css | 2026-05-05 17:49:37 | 318
C:\Users\siche\template_archive\lib\gslab_make\test\raw\run_program\perl_script_error.pl | 2026-05-05 17:49:38 | 5
C:\Users\siche\template_archive\lib\gslab_make\build\lib\test\EXCLUDE_test_stata.py | 2026-05-05 17:49:36 | 8228
C:\Users\siche\template_archive\lib\gslab_make\sphinx\build\html\_sources\pages\source_logging.rst.txt | 2026-05-05 17:49:37 | 393
C:\Users\siche\template_archive\lib\gslab_make\sphinx\build\html\pages\sourcing.html | 2026-05-05 17:49:38 | 34075
C:\Users\siche\template_archive\lib\gslab_make\sphinx\make.bat | 2026-05-05 17:49:38 | 983
C:\Users\siche\template_archive\lib\gslab_make\test\test_move_sources.py | 2026-05-05 17:49:38 | 7466
C:\Users\siche\template_archive\lib\gslab_make\sphinx\build\html\_static\fonts\Lato\lato-regular.eot | 2026-05-05 17:49:38 | 253461
C:\Users\siche\template_archive\lib\gslab_make\docs\_static\fonts\RobotoSlab\roboto-slab-v7-bold.eot | 2026-05-05 17:49:37 | 79520
C:\Users\siche\template_archive\lib\gslab_make\docs\_static\fonts\fontawesome-webfont.svg | 2026-05-05 17:49:37 | 447050
C:\Users\siche\template_archive\lib\gslab_make\docs\_static\fonts\RobotoSlab\roboto-slab-v7-regular.eot | 2026-05-05 17:49:37 | 78331
C:\Users\siche\template_archive\lib\gslab_make\docs\_static\css\fonts\Roboto-Slab-Bold.woff | 2026-05-05 17:49:37 | 87624
C:\Users\siche\template_archive\lib\gslab_make\sphinx\build\doctrees\pages\directory.doctree | 2026-05-05 17:49:37 | 25713
C:\Users\siche\template_archive\lib\gslab_make\docs\_sources\pages\sourcing.rst.txt | 2026-05-05 17:49:36 | 561
C:\Users\siche\template_archive\lib\gslab_make\test\raw\run_program\perl_script.pl | 2026-05-05 17:49:38 | 215
C:\Users\siche\template_archive\lib\gslab_make\docs\_sources\pages\api\run_program\gslab_make.run_program.run_matlab.rst.txt | 2026-05-05 17:49:36 | 101
C:\Users\siche\template_archive\lib\gslab_make\test\raw\config\config_user_bad.yaml | 2026-05-05 17:49:38 | 142
C:\Users\siche\template_archive\lib\gslab_make\sphinx\build\html\_sources\pages\api\check_repo\gslab_make.check_repo.get_modified_sources.rst.txt | 2026-05-05 17:49:37 | 130
C:\Users\siche\template_archive\lib\gslab_make\build\lib\gslab_make\private\metadata.py | 2026-05-05 17:49:36 | 4256
C:\Users\siche\template_archive\lib\gslab_make\sphinx\build\doctrees\pages\api\make_utility\gslab_make.make_utility.copy_output.doctree | 2026-05-05 17:49:37 | 7010
C:\Users\siche\template_archive\lib\gslab_make\docs\_sources\pages\api\run_program\gslab_make.run_program.run_python.rst.txt | 2026-05-05 17:49:36 | 101
C:\Users\siche\template_archive\lib\gslab_make\sphinx\build\doctrees\pages\api\write_logs\gslab_make.write_logs.start_makelog.doctree | 2026-05-05 17:49:37 | 7322
C:\Users\siche\template_archive\lib\gslab_make\sphinx\build\html\_sources\pages\api\write_logs\gslab_make.write_logs.start_makelog.rst.txt | 2026-05-05 17:49:37 | 109
C:\Users\siche\template_archive\lib\gslab_make\docs\pages\api\run_program\gslab_make.run_program.run_r.html | 2026-05-05 17:49:37 | 11699
C:\Users\siche\template_archive\lib\gslab_make\test\test_log_outputs.py | 2026-05-05 17:49:38 | 5242
C:\Users\siche\template_archive\lib\gslab_make\docs\pages\api\move_sources\gslab_make.move_sources.copy_inputs.html | 2026-05-05 17:49:37 | 13450
C:\Users\siche\template_archive\lib\gslab_make\build\lib\gslab_make\write_logs.py | 2026-05-05 17:49:36 | 10665
C:\Users\siche\template_archive\lib\gslab_make\gslab_make\__pycache__\write_source_logs.cpython-314.pyc | 2026-05-05 17:51:46 | 5424
C:\Users\siche\template_archive\lib\gslab_make\sphinx\build\html\_static\css\fonts\lato-bold-italic.woff | 2026-05-05 17:49:37 | 323344
C:\Users\siche\template_archive\lib\gslab_make\docs\_static\fonts\Inconsolata.ttf | 2026-05-05 17:49:37 | 63184
C:\Users\siche\template_archive\lib\gslab_make\docs\_static\jquery-3.5.1.js | 2026-05-05 17:49:37 | 298502
C:\Users\siche\template_archive\raw\chips.csv | 2026-05-06 13:58:26 | 9068852
C:\Users\siche\template_archive\lib\gslab_make\gslab_make\textfill_info.py | 2026-05-05 17:49:37 | 6476
C:\Users\siche\template_archive\lib\gslab_make\sphinx\build\doctrees\pages\api\write_logs\gslab_make.write_logs.write_to_makelog.doctree | 2026-05-05 17:49:37 | 7820
C:\Users\siche\template_archive\lib\gslab_make\sphinx\build\html\_sources\pages\general_logging.rst.txt | 2026-05-05 17:49:37 | 673
C:\Users\siche\template_archive\lib\gslab_make\test\raw\run_program\wrong_extension.txt | 2026-05-05 17:49:38 | 0
C:\Users\siche\template_archive\lib\gslab_make\sphinx\build\html\_static\css\fonts\fontawesome-webfont.svg | 2026-05-05 17:49:37 | 447050
C:\Users\siche\template_archive\lib\gslab_make\docs\pages\api\run_program\gslab_make.run_program.run_mathematica.html | 2026-05-05 17:49:37 | 11809
C:\Users\siche\template_archive\lib\gslab_make\sphinx\build\doctrees\pages\api\move_sources\gslab_make.move_sources.copy_externals.doctree | 2026-05-05 17:49:37 | 19323
C:\Users\siche\template_archive\lib\gslab_make\docs\_static\fonts\Lato\lato-bolditalic.woff2 | 2026-05-05 17:49:37 | 193308
C:\Users\siche\template_archive\lib\gslab_make\sphinx\build\html\_sources\pages\api\check_repo\gslab_make.check_repo.check_conda_status.rst.txt | 2026-05-05 17:49:37 | 124
C:\Users\siche\template_archive\lib\gslab_make\gslab_make\private\__pycache__\metadata.cpython-314.pyc | 2026-05-05 17:51:41 | 2549
C:\Users\siche\template_archive\lib\gslab_make\gslab_make\write_source_logs.py | 2026-05-05 17:49:37 | 5007
C:\Users\siche\template_archive\lib\gslab_make\docs\_static\fonts\Lato\lato-italic.ttf | 2026-05-05 17:49:37 | 639388
C:\Users\siche\template_archive\lib\__init__.py | 2026-05-05 16:53:56 | 0
C:\Users\siche\template_archive\lib\gslab_make\test\EXCLUDE_test_perl.py | 2026-05-05 17:49:38 | 8329
C:\Users\siche\template_archive\lib\gslab_make\docs\_static\js\badge_only.js | 2026-05-05 17:49:37 | 934
C:\Users\siche\template_archive\lib\gslab_make\sphinx\source\pages\dummy.rst | 2026-05-05 17:49:38 | 772
C:\Users\siche\template_archive\lib\gslab_make\docs\_sources\pages\dummy.rst.txt | 2026-05-05 17:49:36 | 772
C:\Users\siche\template_archive\lib\gslab_make\docs\pages\api\move_sources\gslab_make.move_sources.copy_externals.html | 2026-05-05 17:49:37 | 13446
C:\Users\siche\template_archive\lib\gslab_make\docs\objects.inv | 2026-05-05 17:49:37 | 1891
C:\Users\siche\template_archive\lib\gslab_make\sphinx\source\pages\api\run_program\gslab_make.run_program.run_matlab.rst | 2026-05-05 17:49:38 | 101
C:\Users\siche\template_archive\lib\gslab_make\sphinx\build\html\pages\api\write_logs\gslab_make.write_logs.end_makelog.html | 2026-05-05 17:49:38 | 7964
C:\Users\siche\template_archive\lib\gslab_make\docs\_static\fonts\Lato\lato-bold.ttf | 2026-05-05 17:49:37 | 600856
C:\Users\siche\template_archive\lib\gslab_make\sphinx\build\html\_sources\pages\api\run_program\gslab_make.run_program.run_r.rst.txt | 2026-05-05 17:49:37 | 86
C:\Users\siche\template_archive\lib\gslab_make\docs\_static\fonts\Lato\lato-regular.woff2 | 2026-05-05 17:49:37 | 182708
C:\Users\siche\template_archive\lib\gslab_make\sphinx\source\pages\api\check_repo\gslab_make.check_repo.check_module_size.rst | 2026-05-05 17:49:38 | 121
C:\Users\siche\template_archive\lib\gslab_make\sphinx\build\html\_static\fonts\Lato\lato-regular.ttf | 2026-05-05 17:49:38 | 607720
C:\Users\siche\template_archive\lib\gslab_make\sphinx\build\html\pages\api\run_program\gslab_make.run_program.run_latex.html | 2026-05-05 17:49:38 | 12243
C:\Users\siche\template_archive\lib\gslab_make\docs\_static\css\fonts\lato-normal-italic.woff2 | 2026-05-05 17:49:37 | 195704
C:\Users\siche\template_archive\lib\gslab_make\test\test_tablefill.py | 2026-05-05 17:49:38 | 4346
C:\Users\siche\template_archive\lib\gslab_make\build\lib\test\__init__.py | 2026-05-05 17:49:36 | 0
C:\Users\siche\template_archive\lib\gslab_make\build\lib\gslab_make\textfill_info.py | 2026-05-05 17:49:36 | 6476
C:\Users\siche\template_archive\lib\gslab_make\test\raw\log_outputs\dir_depth\dir_depth\depth_2.txt | 2026-05-05 17:49:38 | 29
C:\Users\siche\template_archive\lib\gslab_make\test\raw\tablefill\tablefill_duplicated.txt | 2026-05-05 17:49:38 | 69
C:\Users\siche\template_archive\lib\gslab_make\docs\pages\api\move_sources\gslab_make.move_sources.link_inputs.html | 2026-05-05 17:49:37 | 13633
C:\Users\siche\template_archive\lib\gslab_make\test\raw\run_program\lyx_file space.lyx | 2026-05-05 17:49:38 | 1694
C:\Users\siche\template_archive\lib\gslab_make\sphinx\build\doctrees\pages\source_logging.doctree | 2026-05-05 17:49:37 | 19149
C:\Users\siche\template_archive\lib\gslab_make\docs\_static\fonts\RobotoSlab\roboto-slab-v7-regular.woff | 2026-05-05 17:49:37 | 86288
C:\Users\siche\template_archive\lib\gslab_make\test\raw\run_program\matlab_script space.m | 2026-05-05 17:49:38 | 86
C:\Users\siche\template_archive\lib\gslab_make\test\raw\tablefill\tablefill.txt | 2026-05-05 17:49:38 | 69
C:\Users\siche\template_archive\lib\gslab_make\test\EXCLUDE_test_stata.py | 2026-05-05 17:49:38 | 8228
C:\Users\siche\template_archive\lib\gslab_make\docs\_static\minus.png | 2026-05-05 17:49:37 | 90
C:\Users\siche\template_archive\lib\gslab_make\sphinx\build\html\_sources\pages\directory.rst.txt | 2026-05-05 17:49:37 | 357
C:\Users\siche\template_archive\lib\gslab_make\build\lib\gslab_make\run_program.py | 2026-05-05 17:49:36 | 42182
C:\Users\siche\template_archive\lib\gslab_make\docs\_static\css\theme.css | 2026-05-05 17:49:37 | 135317
C:\Users\siche\template_archive\lib\gslab_make\docs\_static\underscore.js | 2026-05-05 17:49:37 | 19535
C:\Users\siche\template_archive\lib\gslab_make\sphinx\build\doctrees\environment.pickle | 2026-05-05 17:49:37 | 87795
C:\Users\siche\template_archive\lib\gslab_make\sphinx\source\pages\api\make_utility\gslab_make.make_utility.update_external_paths.rst | 2026-05-05 17:49:38 | 135
C:\Users\siche\template_archive\lib\gslab_make\sphinx\source\pages\api\write_logs\gslab_make.write_logs.write_to_makelog.rst | 2026-05-05 17:49:38 | 118
C:\Users\siche\template_archive\lib\gslab_make\docs\pages\api\run_program\gslab_make.run_program.run_sas.html | 2026-05-05 17:49:37 | 12196
C:\Users\siche\template_archive\lib\gslab_make\test\raw\run_program\python_script space.py | 2026-05-05 17:49:38 | 175
C:\Users\siche\template_archive\lib\gslab_make\gslab_make\check_repo.py | 2026-05-05 17:49:37 | 14906
C:\Users\siche\template_archive\lib\gslab_make\test\test_python.py | 2026-05-05 17:49:38 | 7240
C:\Users\siche\template_archive\lib\gslab_make\docs\_static\fonts\Lato\lato-bolditalic.eot | 2026-05-05 17:49:37 | 266158
C:\Users\siche\template_archive\lib\gslab_make\sphinx\source\pages\api\make_utility\gslab_make.make_utility.update_internal_paths.rst | 2026-05-05 17:49:38 | 135
C:\Users\siche\template_archive\lib\gslab_make\gslab_make\__pycache__\write_version_logs.cpython-314.pyc | 2026-05-05 17:51:46 | 3496
C:\Users\siche\template_archive\lib\gslab_make\sphinx\build\html\pages\api\make_utility\gslab_make.make_utility.update_external_paths.html | 2026-05-05 17:49:38 | 8873
C:\Users\siche\template_archive\lib\gslab_make\docs\pages\api\make_utility\gslab_make.make_utility.update_internal_paths.html | 2026-05-05 17:49:37 | 8426
C:\Users\siche\template_archive\lib\gslab_make\sphinx\source\pages\api\run_program\gslab_make.run_program.run_module.rst | 2026-05-05 17:49:38 | 101
C:\Users\siche\template_archive\lib\gslab_make\docs\_sources\pages\api\tablefill\gslab_make.tablefill.tablefill.rst.txt | 2026-05-05 17:49:36 | 96
C:\Users\siche\template_archive\lib\gslab_make\sphinx\build\html\_static\fonts\Lato\lato-bolditalic.woff | 2026-05-05 17:49:38 | 323344
C:\Users\siche\template_archive\lib\gslab_make\docs\pages\dummy.html | 2026-05-05 17:49:37 | 17907
C:\Users\siche\template_archive\lib\gslab_make\test\test_make_utility.py | 2026-05-05 17:49:38 | 4687
C:\Users\siche\template_archive\lib\gslab_make\sphinx\build\html\_sources\pages\api\make_utility\gslab_make.make_utility.copy_output.rst.txt | 2026-05-05 17:49:37 | 105
C:\Users\siche\template_archive\lib\gslab_make\build\lib\gslab_make\textfill.py | 2026-05-05 17:49:36 | 5952
C:\Users\siche\template_archive\lib\gslab_make\docs\_static\fonts\Lato\lato-bold.woff2 | 2026-05-05 17:49:37 | 184912
C:\Users\siche\template_archive\lib\gslab_make\docs\_static\css\fonts\lato-normal.woff | 2026-05-05 17:49:37 | 309192
C:\Users\siche\template_archive\lib\gslab_make\docs\_sources\pages\api\move_sources\gslab_make.move_sources.copy_inputs.rst.txt | 2026-05-05 17:49:36 | 105
C:\Users\siche\template_archive\lib\gslab_make\sphinx\source\pages\api\tablefill\gslab_make.tablefill.tablefill.rst | 2026-05-05 17:49:38 | 96
C:\Users\siche\template_archive\lib\gslab_make\build\lib\test\test_modify_dir.py | 2026-05-05 17:49:36 | 8092
C:\Users\siche\template_archive\lib\gslab_make\sphinx\build\doctrees\pages\api\move_sources\gslab_make.move_sources.copy_inputs.doctree | 2026-05-05 17:49:37 | 19227
C:\Users\siche\template_archive\lib\gslab_make\sphinx\build\html\_sources\pages\api\run_program\gslab_make.run_program.run_matlab.rst.txt | 2026-05-05 17:49:37 | 101
C:\Users\siche\template_archive\lib\gslab_make\sphinx\source\pages\api\write_logs\gslab_make.write_logs.end_makelog.rst | 2026-05-05 17:49:38 | 103
C:\Users\siche\template_archive\lib\gslab_make\test\raw\move_sources\move_wildcard.txt | 2026-05-05 17:49:38 | 67
C:\Users\siche\template_archive\lib\gslab_make\sphinx\source\pages\api\run_program\gslab_make.run_program.run_latex.rst | 2026-05-05 17:49:38 | 98
C:\Users\siche\template_archive\lib\gslab_make\test\README.md | 2026-05-05 17:49:38 | 847
C:\Users\siche\template_archive\lib\gslab_make\docs\_sources\pages\api\make_utility\gslab_make.make_utility.update_executables.rst.txt | 2026-05-05 17:49:36 | 126
C:\Users\siche\template_archive\lib\gslab_make\sphinx\source\pages\directory.rst | 2026-05-05 17:49:38 | 357
C:\Users\siche\template_archive\lib\gslab_make\test\raw\run_program\perl_script space.pl | 2026-05-05 17:49:38 | 215
C:\Users\siche\template_archive\lib\gslab_make\docs\pages\api\make_utility\gslab_make.make_utility.update_external_paths.html | 2026-05-05 17:49:37 | 8873
C:\Users\siche\template_archive\lib\gslab_make\docs\_static\fonts\Lato\lato-regular.woff | 2026-05-05 17:49:37 | 309192
C:\Users\siche\template_archive\lib\gslab_make\sphinx\source\pages\repository.rst | 2026-05-05 17:49:38 | 376
C:\Users\siche\template_archive\lib\gslab_make\docs\_static\fonts\Inconsolata-Bold.ttf | 2026-05-05 17:49:37 | 109948
C:\Users\siche\template_archive\lib\gslab_make\docs\_static\fonts\Lato\lato-bolditalic.ttf | 2026-05-05 17:49:37 | 622572
C:\Users\siche\template_archive\lib\gslab_make\sphinx\build\doctrees\pages\api\write_logs\gslab_make.write_logs.log_files_in_output.doctree | 2026-05-05 17:49:37 | 16128
C:\Users\siche\template_archive\lib\gslab_make\sphinx\build\html\pages\api\run_program\gslab_make.run_program.run_perl.html | 2026-05-05 17:49:38 | 11786
C:\Users\siche\template_archive\lib\gslab_make\sphinx\build\html\_static\css\fonts\fontawesome-webfont.ttf | 2026-05-05 17:49:37 | 165548
C:\Users\siche\template_archive\lib\gslab_make\test\raw\run_program\lyx_file_error.lyx | 2026-05-05 17:49:38 | 5
C:\Users\siche\template_archive\lib\gslab_make\docs\_static\css\fonts\Roboto-Slab-Regular.woff | 2026-05-05 17:49:37 | 86288
C:\Users\siche\template_archive\lib\gslab_make\sphinx\source\pages\api\move_sources\gslab_make.move_sources.link_inputs.rst | 2026-05-05 17:49:38 | 105
C:\Users\siche\template_archive\lib\gslab_make\sphinx\build\html\search.html | 2026-05-05 17:49:38 | 4967
C:\Users\siche\template_archive\lib\gslab_make\gslab_make\__pycache__\__init__.cpython-312.pyc | 2026-05-06 13:58:52 | 1836
C:\Users\siche\template_archive\lib\gslab_make\sphinx\build\html\_static\documentation_options.js | 2026-05-05 17:49:38 | 433
C:\Users\siche\template_archive\lib\gslab_make\docs\_static\fonts\Lato\lato-italic.woff2 | 2026-05-05 17:49:37 | 195704
C:\Users\siche\template_archive\lib\gslab_make\sphinx\build\html\_sources\pages\api\make_utility\gslab_make.make_utility.update_external_paths.rst.txt | 2026-05-05 17:49:37 | 135
C:\Users\siche\template_archive\lib\gslab_make\sphinx\build\html\_static\js\html5shiv-printshiv.min.js | 2026-05-05 17:49:38 | 4373
C:\Users\siche\template_archive\lib\gslab_make\docs\searchindex.js | 2026-05-05 17:49:37 | 33853
C:\Users\siche\template_archive\lib\gslab_make\gslab_make\__pycache__\write_logs.cpython-314.pyc | 2026-05-05 17:51:41 | 12569
C:\Users\siche\template_archive\lib\gslab_make\test\__init__.py | 2026-05-05 17:49:38 | 0
C:\Users\siche\template_archive\lib\gslab_make\sphinx\build\doctrees\pages\api\run_program\gslab_make.run_program.run_module.doctree | 2026-05-05 17:49:37 | 12237
C:\Users\siche\template_archive\lib\gslab_make\LICENSE.txt | 2026-05-05 17:49:36 | 1104
C:\Users\siche\template_archive\lib\gslab_make\sphinx\build\doctrees\pages\api\write_logs\gslab_make.write_logs.end_makelog.doctree | 2026-05-05 17:49:37 | 7143
C:\Users\siche\template_archive\lib\gslab_make\test\raw\config\config_user_empty.yaml | 2026-05-05 17:49:38 | 104
C:\Users\siche\template_archive\lib\gslab_make\sphinx\build\html\_sources\pages\api\move_sources\gslab_make.move_sources.copy_inputs.rst.txt | 2026-05-05 17:49:37 | 105
C:\Users\siche\template_archive\lib\gslab_make\test\raw\log_outputs\dir_local\file_local.txt | 2026-05-05 17:49:38 | 29
C:\Users\siche\template_archive\lib\gslab_make\docs\_static\sphinx_highlight.js | 2026-05-05 17:49:37 | 4856
C:\Users\siche\template_archive\lib\gslab_make\sphinx\build\doctrees\pages\sourcing.doctree | 2026-05-05 17:49:37 | 71710
C:\Users\siche\template_archive\lib\gslab_make\sphinx\build\html\_static\css\fonts\lato-normal-italic.woff | 2026-05-05 17:49:37 | 328412
C:\Users\siche\template_archive\lib\gslab_make\test\raw\run_program\python_script.py | 2026-05-05 17:49:38 | 175
C:\Users\siche\template_archive\lib\gslab_make\test\raw\tablefill\tablefill_template_missing_input.lyx | 2026-05-05 17:49:38 | 4508
C:\Users\siche\template_archive\lib\gslab_make\test\raw\move_sources\file.txt | 2026-05-05 17:49:38 | 0
C:\Users\siche\template_archive\lib\gslab_make\sphinx\build\html\_static\jquery.js | 2026-05-05 17:49:38 | 89503
C:\Users\siche\template_archive\lib\gslab_make\sphinx\build\html\_static\plus.png | 2026-05-05 17:49:38 | 90
C:\Users\siche\template_archive\lib\gslab_make\sphinx\source\pages\api\check_repo\gslab_make.check_repo.get_modified_sources.rst | 2026-05-05 17:49:38 | 130
C:\Users\siche\template_archive\lib\gslab_make\sphinx\build\html\pages\api\run_program\gslab_make.run_program.run_jupyter.html | 2026-05-05 17:49:38 | 11286
C:\Users\siche\template_archive\lib\gslab_make\build\lib\gslab_make\tablefill.py | 2026-05-05 17:49:36 | 20325
C:\Users\siche\template_archive\lib\gslab_make\build\lib\test\test_make_utility.py | 2026-05-05 17:49:36 | 4687
C:\Users\siche\template_archive\lib\gslab_make\sphinx\build\html\_static\doctools.js | 2026-05-05 17:49:38 | 4628
C:\Users\siche\template_archive\lib\gslab_make\test\raw\run_program\python_script_error.py | 2026-05-05 17:49:38 | 5
C:\Users\siche\template_archive\lib\gslab_make\sphinx\build\html\_static\pygments.css | 2026-05-05 17:49:38 | 4976
C:\Users\siche\template_archive\lib\gslab_make\test\raw\log_sources\dir_depth\dir_depth\depth_2.txt | 2026-05-05 17:49:38 | 29
C:\Users\siche\template_archive\lib\gslab_make\sphinx\build\html\_static\searchtools.js | 2026-05-05 17:49:38 | 18781
C:\Users\siche\template_archive\lib\gslab_make\gslab_make\make_utility.py | 2026-05-05 17:49:37 | 5997
C:\Users\siche\template_archive\lib\gslab_make\sphinx\build\html\pages\api\tablefill\gslab_make.tablefill.tablefill.html | 2026-05-05 17:49:38 | 17337
C:\Users\siche\template_archive\lib\gslab_make\docs\pages\api\write_source_logs\gslab_make.write_source_logs.write_source_logs.html | 2026-05-05 17:49:37 | 11168
C:\Users\siche\template_archive\lib\gslab_make\sphinx\build\doctrees\pages\api\run_program\gslab_make.run_program.run_stata.doctree | 2026-05-05 17:49:37 | 18257
C:\Users\siche\template_archive\lib\gslab_make\docs\_sources\pages\api\run_program\gslab_make.run_program.run_r.rst.txt | 2026-05-05 17:49:36 | 86
C:\Users\siche\template_archive\lib\gslab_make\sphinx\build\html\_sources\pages\specifying_paths.rst.txt | 2026-05-05 17:49:37 | 2659
C:\Users\siche\template_archive\lib\gslab_make\docs\_static\js\html5shiv.min.js | 2026-05-05 17:49:37 | 2737
C:\Users\siche\template_archive\lib\gslab_make\test\raw\tablefill\tablefill_template space.lyx | 2026-05-05 17:49:38 | 4500
C:\Users\siche\template_archive\lib\gslab_make\docs\pages\api\modify_dir\gslab_make.modify_dir.remove_dir.html | 2026-05-05 17:49:37 | 8347
C:\Users\siche\template_archive\lib\gslab_make\build\lib\test\EXCLUDE_test_R.py | 2026-05-05 17:49:36 | 8207
C:\Users\siche\template_archive\lib\gslab_make\sphinx\build\html\_static\js\theme.js | 2026-05-05 17:49:38 | 5023
C:\Users\siche\template_archive\lib\gslab_make\sphinx\build\html\pages\dummy.html | 2026-05-05 17:49:38 | 17907
C:\Users\siche\template_archive\lib\gslab_make\sphinx\build\doctrees\pages\api\make_utility\gslab_make.make_utility.update_external_paths.doctree | 2026-05-05 17:49:37 | 9360
C:\Users\siche\template_archive\lib\gslab_make\sphinx\build\doctrees\index.doctree | 2026-05-05 17:49:37 | 5642
C:\Users\siche\template_archive\lib\gslab_make\sphinx\build\html\_sources\pages\api\make_utility\gslab_make.make_utility.update_internal_paths.rst.txt | 2026-05-05 17:49:37 | 135
C:\Users\siche\template_archive\lib\gslab_make\sphinx\build\html\_static\fonts\RobotoSlab-Regular.ttf | 2026-05-05 17:49:38 | 169064
C:\Users\siche\template_archive\lib\gslab_make\docs\_sources\pages\api\run_program\gslab_make.run_program.run_perl.rst.txt | 2026-05-05 17:49:36 | 95
C:\Users\siche\template_archive\lib\gslab_make\sphinx\build\html\_static\css\badge_only.css | 2026-05-05 17:49:37 | 3229
C:\Users\siche\template_archive\lib\gslab_make\sphinx\build\doctrees\pages\api\check_repo\gslab_make.check_repo.check_conda_status.doctree | 2026-05-05 17:49:37 | 6102
C:\Users\siche\template_archive\lib\gslab_make\docs\_static\language_data.js | 2026-05-05 17:49:37 | 4957
C:\Users\siche\template_archive\lib\gslab_make\sphinx\source\pages\api\run_program\gslab_make.run_program.execute_command.rst | 2026-05-05 17:49:38 | 116
C:\Users\siche\template_archive\lib\gslab_make\sphinx\build\html\_static\fonts\Inconsolata-Regular.ttf | 2026-05-05 17:49:38 | 96964
C:\Users\siche\template_archive\raw\tv.csv | 2026-05-06 13:58:26 | 108924
C:\Users\siche\template_archive\lib\gslab_make\sphinx\build\html\_static\css\fonts\fontawesome-webfont.woff | 2026-05-05 17:49:37 | 98024
C:\Users\siche\template_archive\lib\gslab_make\build\lib\test\test_move_sources.py | 2026-05-05 17:49:36 | 7466
C:\Users\siche\template_archive\lib\gslab_make\test\raw\log_sources\move_depth.txt | 2026-05-05 17:49:38 | 66
C:\Users\siche\template_archive\lib\gslab_make\sphinx\build\html\_static\fonts\Lato\lato-regular.woff | 2026-05-05 17:49:38 | 309192
C:\Users\siche\template_archive\lib\gslab_make\docs\_static\css\fonts\fontawesome-webfont.svg | 2026-05-05 17:49:37 | 447050
C:\Users\siche\template_archive\lib\gslab_make\setup.cfg | 2026-05-05 17:49:37 | 439
C:\Users\siche\template_archive\lib\gslab_make\test\raw\log_outputs\recursion.txt | 2026-05-05 17:49:38 | 35
C:\Users\siche\template_archive\lib\gslab_make\test\raw\tablefill\tablefill_template.tex | 2026-05-05 17:49:38 | 981
C:\Users\siche\template_archive\lib\gslab_make\sphinx\build\html\pages\api\modify_dir\gslab_make.modify_dir.clear_dir.html | 2026-05-05 17:49:38 | 8151
C:\Users\siche\template_archive\lib\gslab_make\docs\_sources\pages\api\run_program\gslab_make.run_program.run_latex.rst.txt | 2026-05-05 17:49:36 | 98
C:\Users\siche\template_archive\lib\gslab_make\test\raw\config\config_bad.yaml | 2026-05-05 17:49:38 | 1013
C:\Users\siche\template_archive\lib\gslab_make\sphinx\build\html\pages\api\run_program\gslab_make.run_program.run_lyx.html | 2026-05-05 17:49:38 | 12689
C:\Users\siche\template_archive\lib\gslab_make\sphinx\build\html\_sources\pages\api\run_program\gslab_make.run_program.run_stata.rst.txt | 2026-05-05 17:49:37 | 98
C:\Users\siche\template_archive\lib\gslab_make\docs\_static\basic.css | 2026-05-05 17:49:37 | 15709
C:\Users\siche\template_archive\lib\gslab_make\sphinx\build\html\_sources\pages\api\modify_dir\gslab_make.modify_dir.zip_dir.rst.txt | 2026-05-05 17:49:37 | 91
C:\Users\siche\template_archive\lib\gslab_make\sphinx\build\doctrees\pages\repository.doctree | 2026-05-05 17:49:37 | 23271
C:\Users\siche\template_archive\lib\gslab_make\build\lib\gslab_make\make_utility.py | 2026-05-05 17:49:36 | 5997
C:\Users\siche\template_archive\lib\gslab_make\docs\pages\api\make_utility\gslab_make.make_utility.update_paths.html | 2026-05-05 17:49:37 | 7973
C:\Users\siche\template_archive\lib\gslab_make\sphinx\build\html\_sources\pages\api\make_utility\gslab_make.make_utility.update_paths.rst.txt | 2026-05-05 17:49:37 | 108
C:\Users\siche\template_archive\lib\gslab_make\build\lib\gslab_make\private\utility.py | 2026-05-05 17:49:36 | 8489
C:\Users\siche\template_archive\lib\gslab_make\docs\_static\css\fonts\Roboto-Slab-Bold.woff2 | 2026-05-05 17:49:37 | 67312
C:\Users\siche\template_archive\lib\gslab_make\test\raw\run_program\stata_script.do | 2026-05-05 17:49:38 | 114
C:\Users\siche\template_archive\lib\gslab_make\docs\_static\fonts\RobotoSlab\roboto-slab-v7-bold.woff | 2026-05-05 17:49:37 | 87624
C:\Users\siche\template_archive\lib\gslab_make\sphinx\build\html\_static\graphviz.css | 2026-05-05 17:49:38 | 318
C:\Users\siche\template_archive\lib\gslab_make\test\raw\config\config_user.yaml | 2026-05-05 17:49:38 | 254
C:\Users\siche\template_archive\lib\gslab_make\docs\_static\fonts\fontawesome-webfont.woff | 2026-05-05 17:49:37 | 98024
C:\Users\siche\template_archive\lib\gslab_make\sphinx\build\html\_static\css\theme.css | 2026-05-05 17:49:38 | 135317
C:\Users\siche\template_archive\lib\gslab_make\test\raw\move_sources\move_dir.txt | 2026-05-05 17:49:38 | 55
C:\Users\siche\template_archive\lib\gslab_make\docs\pages\api\move_sources\gslab_make.move_sources.link_externals.html | 2026-05-05 17:49:37 | 13673
C:\Users\siche\template_archive\lib\gslab_make\sphinx\build\html\_sources\pages\api\tablefill\gslab_make.tablefill.tablefill.rst.txt | 2026-05-05 17:49:37 | 96
C:\Users\siche\template_archive\lib\gslab_make\sphinx\source\pages\api\make_utility\gslab_make.make_utility.update_executables.rst | 2026-05-05 17:49:38 | 126
C:\Users\siche\template_archive\lib\gslab_make\sphinx\build\html\_static\css\fonts\lato-bold-italic.woff2 | 2026-05-05 17:49:37 | 193308
C:\Users\siche\template_archive\lib\gslab_make\sphinx\build\html\genindex.html | 2026-05-05 17:49:38 | 13437
C:\Users\siche\template_archive\lib\gslab_make\test\test_modify_dir.py | 2026-05-05 17:49:38 | 8092
C:\Users\siche\template_archive\lib\gslab_make\sphinx\source\pages\sourcing.rst | 2026-05-05 17:49:38 | 561
C:\Users\siche\template_archive\lib\gslab_make\sphinx\source\pages\api\modify_dir\gslab_make.modify_dir.remove_dir.rst | 2026-05-05 17:49:38 | 100
C:\Users\siche\template_archive\lib\gslab_make\sphinx\build\html\pages\api\run_program\gslab_make.run_program.run_mathematica.html | 2026-05-05 17:49:38 | 11809
C:\Users\siche\template_archive\lib\gslab_make\sphinx\build\html\_static\fonts\Lato\lato-bold.eot | 2026-05-05 17:49:38 | 256056
C:\Users\siche\template_archive\lib\gslab_make\sphinx\build\html\_sources\pages\api\modify_dir\gslab_make.modify_dir.clear_dir.rst.txt | 2026-05-05 17:49:37 | 97
C:\Users\siche\template_archive\lib\gslab_make\test\raw\run_program\latex_file.tex | 2026-05-05 17:49:38 | 285
C:\Users\siche\template_archive\lib\gslab_make\docs\_static\css\fonts\lato-bold-italic.woff | 2026-05-05 17:49:37 | 323344
C:\Users\siche\template_archive\lib\gslab_make\test\raw\log_sources\dir space\file space.txt | 2026-05-05 17:49:38 | 29
C:\Users\siche\template_archive\lib\gslab_make\docs\_sources\pages\api\move_sources\gslab_make.move_sources.link_externals.rst.txt | 2026-05-05 17:49:36 | 114
C:\Users\siche\template_archive\lib\gslab_make\sphinx\source\index.rst | 2026-05-05 17:49:38 | 1071
C:\Users\siche\template_archive\lib\gslab_make\sphinx\build\html\_static\fonts\Lato\lato-bold.woff | 2026-05-05 17:49:38 | 309728
C:\Users\siche\template_archive\lib\gslab_make\docs\_sources\pages\api\write_source_logs\gslab_make.write_source_logs.write_source_logs.rst.txt | 2026-05-05 17:49:36 | 128
C:\Users\siche\template_archive\lib\gslab_make\docs\pages\api\make_utility\gslab_make.make_utility.copy_output.html | 2026-05-05 17:49:37 | 7956
C:\Users\siche\template_archive\lib\gslab_make\sphinx\build\html\_static\fonts\fontawesome-webfont.eot | 2026-05-05 17:49:38 | 165742
C:\Users\siche\template_archive\lib\gslab_make\sphinx\build\doctrees\pages\api\run_program\gslab_make.run_program.run_matlab.doctree | 2026-05-05 17:49:37 | 17431
C:\Users\siche\template_archive\lib\gslab_make\sphinx\build\html\pages\api\make_utility\gslab_make.make_utility.update_executables.html | 2026-05-05 17:49:38 | 8701
C:\Users\siche\template_archive\lib\gslab_make\docs\pages\repository.html | 2026-05-05 17:49:37 | 11751
C:\Users\siche\template_archive\lib\gslab_make\gslab_make\__pycache__\__init__.cpython-314.pyc | 2026-05-05 17:51:41 | 1847
C:\Users\siche\template_archive\lib\gslab_make\test\raw\run_program\lyx_file_handout_handout.lyx.bak | 2026-05-05 17:49:38 | 2110
C:\Users\siche\template_archive\lib\gslab_make\build\lib\gslab_make\private\__init__.py | 2026-05-05 17:49:36 | 0
C:\Users\siche\template_archive\lib\gslab_make\docs\pages\api\make_utility\gslab_make.make_utility.update_executables.html | 2026-05-05 17:49:37 | 8701
C:\Users\siche\template_archive\lib\gslab_make\docs\_sources\pages\api\write_logs\gslab_make.write_logs.write_to_makelog.rst.txt | 2026-05-05 17:49:36 | 118
C:\Users\siche\template_archive\lib\gslab_make\sphinx\build\doctrees\pages\api\modify_dir\gslab_make.modify_dir.clear_dir.doctree | 2026-05-05 17:49:37 | 8950
C:\Users\siche\template_archive\lib\gslab_make\sphinx\build\html\pages\api\move_sources\gslab_make.move_sources.link_inputs.html | 2026-05-05 17:49:38 | 13633
C:\Users\siche\template_archive\lib\gslab_make\sphinx\build\html\_sources\pages\api\write_logs\gslab_make.write_logs.end_makelog.rst.txt | 2026-05-05 17:49:37 | 103
C:\Users\siche\template_archive\lib\gslab_make\gslab_make\tablefill_info.py | 2026-05-05 17:49:37 | 8766
C:\Users\siche\template_archive\lib\gslab_make\build\lib\test\WIP_test_latex.py | 2026-05-05 17:49:36 | 2369
C:\Users\siche\template_archive\lib\gslab_make\docs\_sources\pages\api\write_logs\gslab_make.write_logs.log_files_in_output.rst.txt | 2026-05-05 17:49:36 | 127
C:\Users\siche\template_archive\lib\gslab_make\docs\_sources\pages\api\run_program\gslab_make.run_program.execute_command.rst.txt | 2026-05-05 17:49:36 | 116
C:\Users\siche\template_archive\lib\gslab_make\docs\_sources\pages\api\make_utility\gslab_make.make_utility.copy_output.rst.txt | 2026-05-05 17:49:36 | 105
C:\Users\siche\template_archive\lib\gslab_make\sphinx\build\html\pages\api\run_program\gslab_make.run_program.execute_command.html | 2026-05-05 17:49:38 | 11683
C:\Users\siche\template_archive\lib\gslab_make\sphinx\build\doctrees\pages\api\make_utility\gslab_make.make_utility.update_executables.doctree | 2026-05-05 17:49:37 | 9465
C:\Users\siche\template_archive\lib\gslab_make\sphinx\build\doctrees\pages\filling.doctree | 2026-05-05 17:49:37 | 28178
C:\Users\siche\template_archive\lib\gslab_make\build\lib\gslab_make\private\movedirective.py | 2026-05-05 17:49:36 | 13173
C:\Users\siche\template_archive\lib\gslab_make\docs\_sources\pages\api\make_utility\gslab_make.make_utility.update_external_paths.rst.txt | 2026-05-05 17:49:36 | 135
C:\Users\siche\template_archive\lib\gslab_make\sphinx\build\html\_static\css\fonts\Roboto-Slab-Bold.woff2 | 2026-05-05 17:49:37 | 67312
C:\Users\siche\template_archive\lib\gslab_make\sphinx\build\html\_sources\pages\api\check_repo\gslab_make.check_repo.check_module_size.rst.txt | 2026-05-05 17:49:37 | 121
C:\Users\siche\template_archive\lib\gslab_make\gslab_make\__pycache__\run_program.cpython-314.pyc | 2026-05-05 17:51:42 | 43988
C:\Users\siche\template_archive\lib\gslab_make\sphinx\build\html\_sources\pages\api\run_program\gslab_make.run_program.execute_command.rst.txt | 2026-05-05 17:49:37 | 116
C:\Users\siche\template_archive\lib\gslab_make\test\test_makelog.py | 2026-05-05 17:49:38 | 2378
C:\Users\siche\template_archive\lib\gslab_make\test\raw\run_program\lyx_file_beamer.lyx | 2026-05-05 17:49:38 | 2110
C:\Users\siche\template_archive\lib\gslab_make\docs\_static\_sphinx_javascript_frameworks_compat.js | 2026-05-05 17:49:37 | 4552
C:\Users\siche\template_archive\lib\gslab_make\test\raw\move_sources\move space.txt | 2026-05-05 17:49:38 | 77
C:\Users\siche\template_archive\lib\gslab_make\docs\genindex.html | 2026-05-05 17:49:37 | 13437
C:\Users\siche\template_archive\lib\gslab_make\gslab_make\write_version_logs.py | 2026-05-05 17:49:37 | 2673
C:\Users\siche\template_archive\lib\gslab_make\sphinx\build\html\pages\api\run_program\gslab_make.run_program.run_sas.html | 2026-05-05 17:49:38 | 12196
C:\Users\siche\template_archive\lib\gslab_make\sphinx\build\html\_sources\pages\filling.rst.txt | 2026-05-05 17:49:37 | 267
C:\Users\siche\template_archive\lib\gslab_make\docs\_static\css\fonts\lato-bold-italic.woff2 | 2026-05-05 17:49:37 | 193308
C:\Users\siche\template_archive\lib\gslab_make\docs\pages\source_logging.html | 2026-05-05 17:49:37 | 10973
C:\Users\siche\template_archive\lib\gslab_make\docs\search.html | 2026-05-05 17:49:37 | 4967
C:\Users\siche\template_archive\lib\gslab_make\sphinx\build\html\pages\api\write_logs\gslab_make.write_logs.write_to_makelog.html | 2026-05-05 17:49:38 | 8021
C:\Users\siche\template_archive\lib\gslab_make\docs\pages\directory.html | 2026-05-05 17:49:37 | 13248
C:\Users\siche\template_archive\lib\gslab_make\sphinx\build\html\_static\jquery-3.6.0.js | 2026-05-05 17:49:38 | 299461
C:\Users\siche\template_archive\lib\gslab_make\docs\pages\api\write_logs\gslab_make.write_logs.write_to_makelog.html | 2026-05-05 17:49:37 | 8021
C:\Users\siche\template_archive\lib\gslab_make\docs\pages\api\run_program\gslab_make.run_program.run_lyx.html | 2026-05-05 17:49:37 | 12689
C:\Users\siche\template_archive\lib\gslab_make\docs\_static\underscore-1.3.1.js | 2026-05-05 17:49:37 | 36167
C:\Users\siche\template_archive\lib\gslab_make\docs\_static\css\badge_only.css | 2026-05-05 17:49:37 | 3229
C:\Users\siche\template_archive\lib\gslab_make\docs\_sources\pages\source_logging.rst.txt | 2026-05-05 17:49:36 | 393
C:\Users\siche\template_archive\lib\gslab_make\docs\_sources\pages\api\check_repo\gslab_make.check_repo.check_module_size.rst.txt | 2026-05-05 17:49:36 | 121
C:\Users\siche\template_archive\lib\gslab_make\sphinx\build\html\_sources\pages\api\write_source_logs\gslab_make.write_source_logs.write_source_logs.rst.txt | 2026-05-05 17:49:37 | 128
C:\Users\siche\template_archive\lib\gslab_make\docs\_static\searchtools.js | 2026-05-05 17:49:37 | 18781
C:\Users\siche\template_archive\lib\gslab_make\docs\_sources\pages\api\write_logs\gslab_make.write_logs.end_makelog.rst.txt | 2026-05-05 17:49:36 | 103
C:\Users\siche\template_archive\lib\gslab_make\docs\_sources\pages\api\run_program\gslab_make.run_program.run_jupyter.rst.txt | 2026-05-05 17:49:36 | 104
C:\Users\siche\template_archive\lib\gslab_make\sphinx\source\pages\api\modify_dir\gslab_make.modify_dir.unzip.rst | 2026-05-05 17:49:38 | 85
C:\Users\siche\template_archive\lib\gslab_make\docs\pages\api\check_repo\gslab_make.check_repo.get_modified_sources.html | 2026-05-05 17:49:37 | 9141
C:\Users\siche\template_archive\lib\gslab_make\sphinx\source\pages\api\run_program\gslab_make.run_program.run_sas.rst | 2026-05-05 17:49:38 | 92
C:\Users\siche\template_archive\lib\gslab_make\sphinx\build\html\_static\underscore-1.13.1.js | 2026-05-05 17:49:38 | 70462
C:\Users\siche\template_archive\lib\gslab_make\sphinx\build\html\_sources\pages\api\run_program\gslab_make.run_program.run_mathematica.rst.txt | 2026-05-05 17:49:37 | 116
C:\Users\siche\template_archive\lib\gslab_make\sphinx\build\html\_sources\pages\dummy.rst.txt | 2026-05-05 17:49:37 | 772
C:\Users\siche\template_archive\lib\gslab_make\sphinx\build\html\_static\css\fonts\fontawesome-webfont.eot | 2026-05-05 17:49:37 | 165742
C:\Users\siche\template_archive\lib\gslab_make\sphinx\build\html\_sources\pages\api\run_program\gslab_make.run_program.run_stat_transfer.rst.txt | 2026-05-05 17:49:37 | 122
C:\Users\siche\template_archive\lib\gslab_make\sphinx\Makefile | 2026-05-05 17:49:37 | 706
C:\Users\siche\template_archive\lib\gslab_make\docs\_static\fonts\RobotoSlab\roboto-slab-v7-bold.ttf | 2026-05-05 17:49:37 | 170616
C:\Users\siche\template_archive\lib\gslab_make\build\lib\gslab_make\__init__.py | 2026-05-05 17:49:36 | 2813
C:\Users\siche\template_archive\lib\gslab_make\docs\_sources\pages\api\check_repo\gslab_make.check_repo.check_conda_status.rst.txt | 2026-05-05 17:49:36 | 124
C:\Users\siche\template_archive\lib\gslab_make\docs\_sources\pages\program.rst.txt | 2026-05-05 17:49:36 | 2781
C:\Users\siche\template_archive\lib\gslab_make\sphinx\build\doctrees\pages\api\make_utility\gslab_make.make_utility.update_paths.doctree | 2026-05-05 17:49:37 | 6897
C:\Users\siche\template_archive\lib\gslab_make\sphinx\build\html\pages\api\run_program\gslab_make.run_program.run_stat_transfer.html | 2026-05-05 17:49:38 | 11923
C:\Users\siche\template_archive\lib\gslab_make\sphinx\build\html\pages\api\write_logs\gslab_make.write_logs.start_makelog.html | 2026-05-05 17:49:38 | 8132
C:\Users\siche\template_archive\lib\gslab_make\sphinx\source\pages\api\run_program\gslab_make.run_program.run_r.rst | 2026-05-05 17:49:38 | 86
C:\Users\siche\template_archive\lib\gslab_make\docs\_static\fonts\Lato\lato-bolditalic.woff | 2026-05-05 17:49:37 | 323344
C:\Users\siche\template_archive\lib\gslab_make\test\raw\log_outputs\dir\file.txt | 2026-05-05 17:49:38 | 29
C:\Users\siche\template_archive\lib\gslab_make\docs\_static\css\fonts\lato-normal-italic.woff | 2026-05-05 17:49:37 | 328412
C:\Users\siche\template_archive\lib\gslab_make\sphinx\source\pages\api\move_sources\gslab_make.move_sources.copy_externals.rst | 2026-05-05 17:49:38 | 114
C:\Users\siche\template_archive\lib\gslab_make\sphinx\build\doctrees\pages\api\write_source_logs\gslab_make.write_source_logs.write_source_logs.doctree | 2026-05-05 17:49:37 | 18133
C:\Users\siche\template_archive\lib\gslab_make\test\raw\move_sources\file space.txt | 2026-05-05 17:49:38 | 0
C:\Users\siche\template_archive\lib\gslab_make\sphinx\build\html\_static\fonts\Lato\lato-bolditalic.woff2 | 2026-05-05 17:49:38 | 193308
C:\Users\siche\template_archive\lib\gslab_make\gslab_make\private\subprocess_fix.py | 2026-05-05 17:49:37 | 5584
C:\Users\siche\template_archive\lib\gslab_make\sphinx\build\doctrees\pages\api\move_sources\gslab_make.move_sources.link_externals.doctree | 2026-05-05 17:49:37 | 19724
C:\Users\siche\template_archive\lib\gslab_make\docs\pages\api\check_repo\gslab_make.check_repo.check_module_size.html | 2026-05-05 17:49:37 | 8776
C:\Users\siche\template_archive\lib\gslab_make\gslab_make\__pycache__\check_repo.cpython-314.pyc | 2026-05-05 17:51:41 | 18890
C:\Users\siche\template_archive\lib\gslab_make\sphinx\build\html\_static\fonts\RobotoSlab-Bold.ttf | 2026-05-05 17:49:38 | 170616
C:\Users\siche\template_archive\lib\gslab_make\docs\pages\api\run_program\gslab_make.run_program.run_jupyter.html | 2026-05-05 17:49:37 | 11286
C:\Users\siche\template_archive\lib\gslab_make\sphinx\build\html\_static\fonts\Lato\lato-italic.woff | 2026-05-05 17:49:38 | 328412
C:\Users\siche\template_archive\lib\gslab_make\sphinx\source\pages\api\make_utility\gslab_make.make_utility.update_paths.rst | 2026-05-05 17:49:38 | 108
C:\Users\siche\template_archive\lib\gslab_make\sphinx\build\html\_static\fonts\RobotoSlab\roboto-slab-v7-regular.ttf | 2026-05-05 17:49:38 | 169064
C:\Users\siche\template_archive\lib\gslab_make\test\raw\move_sources\move_bad_key.txt | 2026-05-05 17:49:38 | 49
C:\Users\siche\template_archive\lib\gslab_make\docs\_static\css\fonts\lato-bold.woff2 | 2026-05-05 17:49:37 | 184912
C:\Users\siche\template_archive\lib\gslab_make\sphinx\source\pages\api\write_source_logs\gslab_make.write_source_logs.write_source_logs.rst | 2026-05-05 17:49:38 | 128
C:\Users\siche\template_archive\lib\gslab_make\test\raw\run_program\r_script space.R | 2026-05-05 17:49:38 | 104
C:\Users\siche\template_archive\lib\gslab_make\gslab_make\private\metadata.py | 2026-05-05 17:49:37 | 4260
C:\Users\siche\template_archive\lib\gslab_make\sphinx\build\html\_static\fonts\fontawesome-webfont.woff2 | 2026-05-05 17:49:38 | 77160
C:\Users\siche\template_archive\lib\gslab_make\sphinx\source\pages\api\run_program\gslab_make.run_program.run_python.rst | 2026-05-05 17:49:38 | 101
C:\Users\siche\template_archive\lib\gslab_make\docs\_static\file.png | 2026-05-05 17:49:37 | 286
C:\Users\siche\template_archive\lib\gslab_make\docs\_sources\pages\api\run_program\gslab_make.run_program.run_stata.rst.txt | 2026-05-05 17:49:36 | 98
C:\Users\siche\template_archive\lib\gslab_make\sphinx\source\pages\api\write_logs\gslab_make.write_logs.start_makelog.rst | 2026-05-05 17:49:38 | 109
C:\Users\siche\template_archive\lib\gslab_make\test\utility.py | 2026-05-05 17:49:38 | 1468
C:\Users\siche\template_archive\lib\gslab_make\build\lib\gslab_make\private\messages.py | 2026-05-05 17:49:36 | 6123
C:\Users\siche\template_archive\lib\gslab_make\docs\pages\specifying_paths.html | 2026-05-05 17:49:37 | 12337
C:\Users\siche\template_archive\lib\gslab_make\docs\_sources\pages\api\modify_dir\gslab_make.modify_dir.remove_dir.rst.txt | 2026-05-05 17:49:36 | 100
C:\Users\siche\template_archive\lib\gslab_make\sphinx\build\html\pages\directory.html | 2026-05-05 17:49:38 | 13248
C:\Users\siche\template_archive\lib\gslab_make\sphinx\build\doctrees\pages\api\run_program\gslab_make.run_program.execute_command.doctree | 2026-05-05 17:49:37 | 14475
C:\Users\siche\template_archive\lib\gslab_make\sphinx\build\html\pages\api\check_repo\gslab_make.check_repo.get_modified_sources.html | 2026-05-05 17:49:38 | 9141
C:\Users\siche\template_archive\lib\gslab_make\sphinx\build\html\_static\fonts\RobotoSlab\roboto-slab-v7-bold.woff2 | 2026-05-05 17:49:38 | 67312
C:\Users\siche\template_archive\lib\gslab_make\docs\_static\underscore-1.13.1.js | 2026-05-05 17:49:37 | 70462
C:\Users\siche\template_archive\lib\gslab_make\gslab_make\__pycache__\tablefill.cpython-314.pyc | 2026-05-05 17:51:46 | 21996
C:\Users\siche\template_archive\lib\gslab_make\sphinx\build\html\_static\jquery-3.5.1.js | 2026-05-05 17:49:38 | 298502
C:\Users\siche\template_archive\lib\gslab_make\test\raw\tablefill\tablefill_template_too_many_values.lyx | 2026-05-05 17:49:38 | 4974
C:\Users\siche\template_archive\lib\gslab_make\sphinx\build\html\_static\css\fonts\lato-normal.woff | 2026-05-05 17:49:38 | 309192
C:\Users\siche\template_archive\lib\gslab_make\sphinx\build\html\_static\_sphinx_javascript_frameworks_compat.js | 2026-05-05 17:49:37 | 4552
C:\Users\siche\template_archive\lib\gslab_make\build\lib\test\WIP_test_matlab.py | 2026-05-05 17:49:36 | 8218
C:\Users\siche\template_archive\lib\gslab_make\sphinx\build\doctrees\pages\api\tablefill\gslab_make.tablefill.tablefill.doctree | 2026-05-05 17:49:37 | 27360
C:\Users\siche\template_archive\lib\gslab_make\docs\pages\api\write_logs\gslab_make.write_logs.start_makelog.html | 2026-05-05 17:49:37 | 8132
C:\Users\siche\template_archive\lib\gslab_make\sphinx\build\html\_sources\pages\api\run_program\gslab_make.run_program.run_perl.rst.txt | 2026-05-05 17:49:37 | 95
C:\Users\siche\template_archive\lib\gslab_make\sphinx\source\pages\source_logging.rst | 2026-05-05 17:49:38 | 393
C:\Users\siche\template_archive\lib\gslab_make\build\lib\gslab_make\write_source_logs.py | 2026-05-05 17:49:36 | 5007
C:\Users\siche\template_archive\lib\gslab_make\docs\_static\underscore-1.12.0.js | 2026-05-05 17:49:37 | 69719
C:\Users\siche\template_archive\lib\gslab_make\test\raw\run_program\stata_script_error.do | 2026-05-05 17:49:38 | 5
C:\Users\siche\template_archive\lib\gslab_make\build\lib\test\EXCLUDE_test_lyx.py | 2026-05-05 17:49:36 | 9513
C:\Users\siche\template_archive\lib\gslab_make\docs\pages\api\run_program\gslab_make.run_program.run_python.html | 2026-05-05 17:49:37 | 11780
C:\Users\siche\template_archive\lib\gslab_make\gslab_make\move_sources.py | 2026-05-05 17:49:37 | 20012
C:\Users\siche\template_archive\lib\gslab_make\docs\pages\sourcing.html | 2026-05-05 17:49:37 | 34075
C:\Users\siche\template_archive\lib\gslab_make\docs\_static\fonts\RobotoSlab\roboto-slab-v7-bold.woff2 | 2026-05-05 17:49:37 | 67312
C:\Users\siche\template_archive\lib\gslab_make\build\lib\test\test_log_outputs.py | 2026-05-05 17:49:36 | 5242
C:\Users\siche\template_archive\lib\gslab_make\docs\_static\css\fonts\fontawesome-webfont.ttf | 2026-05-05 17:49:37 | 165548
C:\Users\siche\template_archive\lib\gslab_make\gslab_make\private\__pycache__\exceptionclasses.cpython-314.pyc | 2026-05-05 17:51:41 | 2112
C:\Users\siche\template_archive\lib\gslab_make\docs\pages\filling.html | 2026-05-05 17:49:37 | 17348
C:\Users\siche\template_archive\lib\gslab_make\sphinx\build\html\pages\api\move_sources\gslab_make.move_sources.link_externals.html | 2026-05-05 17:49:38 | 13673
C:\Users\siche\template_archive\lib\gslab_make\sphinx\source\pages\api\move_sources\gslab_make.move_sources.link_externals.rst | 2026-05-05 17:49:38 | 114
C:\Users\siche\template_archive\lib\gslab_make\sphinx\build\html\_static\fonts\fontawesome-webfont.svg | 2026-05-05 17:49:38 | 447050
C:\Users\siche\template_archive\lib\gslab_make\sphinx\build\doctrees\pages\specifying_paths.doctree | 2026-05-05 17:49:37 | 15321
C:\Users\siche\template_archive\lib\gslab_make\sphinx\build\doctrees\pages\api\modify_dir\gslab_make.modify_dir.unzip.doctree | 2026-05-05 17:49:37 | 6968
C:\Users\siche\template_archive\lib\gslab_make\sphinx\build\doctrees\pages\api\run_program\gslab_make.run_program.run_jupyter.doctree | 2026-05-05 17:49:37 | 13218
C:\Users\siche\template_archive\lib\gslab_make\sphinx\build\doctrees\pages\api\run_program\gslab_make.run_program.run_r.doctree | 2026-05-05 17:49:37 | 17341
C:\Users\siche\template_archive\lib\gslab_make\build\lib\gslab_make\private\subprocess_fix.py | 2026-05-05 17:49:36 | 5584
C:\Users\siche\template_archive\lib\gslab_make\gslab_make\textfill.py | 2026-05-05 17:49:37 | 5952
C:\Users\siche\template_archive\lib\gslab_make\test\raw\log_outputs\dir space\file space.txt | 2026-05-05 17:49:38 | 29
C:\Users\siche\template_archive\lib\gslab_make\sphinx\build\html\_sources\pages\api\move_sources\gslab_make.move_sources.link_inputs.rst.txt | 2026-05-05 17:49:37 | 105
C:\Users\siche\template_archive\lib\gslab_make\gslab_make\__pycache__\check_repo.cpython-312.pyc | 2026-05-06 13:58:52 | 18627
C:\Users\siche\template_archive\lib\gslab_make\test\raw\move_sources\move_bad_wildcard.txt | 2026-05-05 17:49:38 | 114
C:\Users\siche\template_archive\lib\gslab_make\sphinx\build\html\_sources\pages\api\move_sources\gslab_make.move_sources.copy_externals.rst.txt | 2026-05-05 17:49:37 | 114
C:\Users\siche\template_archive\lib\gslab_make\build\lib\gslab_make\private\programdirective.py | 2026-05-05 17:49:36 | 10721
C:\Users\siche\template_archive\lib\gslab_make\test\raw\config\config_user_bad_executables.yaml | 2026-05-05 17:49:38 | 268
C:\Users\siche\template_archive\lib\gslab_make\docs\_static\css\fonts\fontawesome-webfont.eot | 2026-05-05 17:49:37 | 165742
C:\Users\siche\template_archive\lib\gslab_make\docs\pages\api\tablefill\gslab_make.tablefill.tablefill.html | 2026-05-05 17:49:37 | 17337
C:\Users\siche\template_archive\lib\gslab_make\sphinx\build\html\_static\fonts\Lato\lato-italic.woff2 | 2026-05-05 17:49:38 | 195704
C:\Users\siche\template_archive\lib\gslab_make\sphinx\build\html\_static\fonts\RobotoSlab\roboto-slab-v7-regular.eot | 2026-05-05 17:49:38 | 78331
C:\Users\siche\template_archive\lib\gslab_make\docs\pages\api\run_program\gslab_make.run_program.run_latex.html | 2026-05-05 17:49:37 | 12243
C:\Users\siche\template_archive\lib\gslab_make\docs\_static\fonts\Lato-Bold.ttf | 2026-05-05 17:49:37 | 656544
C:\Users\siche\template_archive\lib\gslab_make\sphinx\build\doctrees\pages\api\run_program\gslab_make.run_program.run_latex.doctree | 2026-05-05 17:49:37 | 18876
C:\Users\siche\template_archive\lib\gslab_make\sphinx\build\doctrees\pages\dummy.doctree | 2026-05-05 17:49:37 | 50010
C:\Users\siche\template_archive\lib\gslab_make\test\raw\log_sources\move space.txt | 2026-05-05 17:49:38 | 66
C:\Users\siche\template_archive\lib\gslab_make\sphinx\source\pages\api\check_repo\gslab_make.check_repo.check_conda_status.rst | 2026-05-05 17:49:38 | 124
C:\Users\siche\template_archive\lib\gslab_make\test\raw\run_program\lyx_file_handout.lyx | 2026-05-05 17:49:38 | 2110
C:\Users\siche\template_archive\lib\gslab_make\sphinx\build\doctrees\pages\api\modify_dir\gslab_make.modify_dir.zip_dir.doctree | 2026-05-05 17:49:37 | 6952
C:\Users\siche\template_archive\lib\gslab_make\sphinx\build\html\pages\api\move_sources\gslab_make.move_sources.copy_externals.html | 2026-05-05 17:49:38 | 13446
C:\Users\siche\template_archive\lib\gslab_make\sphinx\source\pages\utility.rst | 2026-05-05 17:49:38 | 340
C:\Users\siche\template_archive\lib\gslab_make\sphinx\build\html\_sources\pages\utility.rst.txt | 2026-05-05 17:49:37 | 340
C:\Users\siche\template_archive\lib\gslab_make\sphinx\build\html\_static\css\fonts\lato-bold.woff2 | 2026-05-05 17:49:37 | 184912
C:\Users\siche\template_archive\lib\gslab_make\docs\_static\fonts\fontawesome-webfont.ttf | 2026-05-05 17:49:37 | 165548
C:\Users\siche\template_archive\lib\gslab_make\gslab_make\__pycache__\textfill_info.cpython-314.pyc | 2026-05-05 17:51:46 | 6510
C:\Users\siche\template_archive\lib\gslab_make\sphinx\build\html\_static\fonts\Lato\lato-italic.ttf | 2026-05-05 17:49:38 | 639388
C:\Users\siche\template_archive\lib\gslab_make\build\lib\test\test_log_sources.py | 2026-05-05 17:49:36 | 4702
C:\Users\siche\template_archive\lib\gslab_make\test\raw\tablefill\tablefill_no_tag.txt | 2026-05-05 17:49:38 | 58
C:\Users\siche\template_archive\lib\gslab_make\sphinx\build\html\_static\underscore.js | 2026-05-05 17:49:38 | 19535
C:\Users\siche\template_archive\lib\gslab_make\sphinx\build\html\pages\source_logging.html | 2026-05-05 17:49:38 | 10973
C:\Users\siche\template_archive\lib\gslab_make\sphinx\build\html\_sources\pages\api\modify_dir\gslab_make.modify_dir.remove_dir.rst.txt | 2026-05-05 17:49:37 | 100
C:\Users\siche\template_archive\lib\gslab_make\docs\pages\api\run_program\gslab_make.run_program.run_stata.html | 2026-05-05 17:49:37 | 12071
C:\Users\siche\template_archive\lib\gslab_make\build\lib\test\EXCLUDE_test_perl.py | 2026-05-05 17:49:36 | 8329
C:\Users\siche\template_archive\lib\gslab_make\docs\pages\program.html | 2026-05-05 17:49:37 | 64234
C:\Users\siche\template_archive\lib\gslab_make\sphinx\build\doctrees\pages\api\check_repo\gslab_make.check_repo.get_modified_sources.doctree | 2026-05-05 17:49:37 | 11834
C:\Users\siche\template_archive\lib\gslab_make\gslab_make\__pycache__\move_sources.cpython-314.pyc | 2026-05-05 17:51:41 | 18864
C:\Users\siche\template_archive\lib\gslab_make\gslab_make\private\messages.py | 2026-05-05 17:49:37 | 6123
C:\Users\siche\template_archive\lib\gslab_make\gslab_make\private\__pycache__\movedirective.cpython-314.pyc | 2026-05-05 17:51:41 | 16851
C:\Users\siche\template_archive\lib\gslab_make\build\lib\gslab_make\check_repo.py | 2026-05-05 17:49:36 | 14906
C:\Users\siche\template_archive\lib\gslab_make\sphinx\build\html\pages\filling.html | 2026-05-05 17:49:38 | 17348
C:\Users\siche\template_archive\lib\gslab_make\sphinx\build\html\_static\css\fonts\lato-normal-italic.woff2 | 2026-05-05 17:49:37 | 195704
C:\Users\siche\template_archive\lib\gslab_make\sphinx\build\html\pages\api\run_program\gslab_make.run_program.run_r.html | 2026-05-05 17:49:38 | 11699
C:\Users\siche\template_archive\lib\gslab_make\sphinx\build\html\_sources\pages\api\run_program\gslab_make.run_program.run_jupyter.rst.txt | 2026-05-05 17:49:37 | 104
C:\Users\siche\template_archive\lib\gslab_make\build\lib\test\test_python.py | 2026-05-05 17:49:36 | 7240
C:\Users\siche\template_archive\lib\gslab_make\test\raw\config\config.yaml | 2026-05-05 17:49:38 | 1031
C:\Users\siche\template_archive\lib\gslab_make\sphinx\build\html\_static\underscore-1.3.1.js | 2026-05-05 17:49:38 | 36167
C:\Users\siche\template_archive\lib\gslab_make\sphinx\build\html\_static\fonts\RobotoSlab\roboto-slab-v7-bold.ttf | 2026-05-05 17:49:38 | 170616
C:\Users\siche\template_archive\lib\gslab_make\sphinx\source\pages\api\run_program\gslab_make.run_program.run_jupyter.rst | 2026-05-05 17:49:38 | 104
C:\Users\siche\template_archive\lib\gslab_make\docs\_static\jquery.js | 2026-05-05 17:49:37 | 89503
C:\Users\siche\template_archive\lib\gslab_make\docs\_sources\pages\api\modify_dir\gslab_make.modify_dir.zip_dir.rst.txt | 2026-05-05 17:49:36 | 91
C:\Users\siche\template_archive\lib\gslab_make\sphinx\build\doctrees\pages\api\run_program\gslab_make.run_program.run_perl.doctree | 2026-05-05 17:49:37 | 17480
C:\Users\siche\template_archive\lib\gslab_make\sphinx\build\html\_sources\pages\repository.rst.txt | 2026-05-05 17:49:37 | 376
C:\Users\siche\template_archive\lib\gslab_make\build\lib\test\utility.py | 2026-05-05 17:49:36 | 1468
C:\Users\siche\template_archive\lib\gslab_make\sphinx\build\html\pages\program.html | 2026-05-05 17:49:38 | 64234
C:\Users\siche\template_archive\lib\gslab_make\sphinx\build\html\_static\css\fonts\lato-normal.woff2 | 2026-05-05 17:49:38 | 182708
C:\Users\siche\template_archive\lib\gslab_make\sphinx\source\pages\api\run_program\gslab_make.run_program.run_mathematica.rst | 2026-05-05 17:49:38 | 116
C:\Users\siche\template_archive\lib\gslab_make\sphinx\build\html\pages\api\modify_dir\gslab_make.modify_dir.unzip.html | 2026-05-05 17:49:38 | 6969
C:\Users\siche\template_archive\lib\gslab_make\sphinx\build\html\_sources\pages\api\run_program\gslab_make.run_program.run_module.rst.txt | 2026-05-05 17:49:37 | 101
C:\Users\siche\template_archive\lib\gslab_make\test\raw\move_sources\move_empty.txt | 2026-05-05 17:49:38 | 22
C:\Users\siche\template_archive\lib\gslab_make\test\raw\log_sources\dir_depth\depth_1.txt | 2026-05-05 17:49:38 | 29
C:\Users\siche\template_archive\lib\gslab_make\sphinx\build\html\_static\basic.css | 2026-05-05 17:49:37 | 15709
C:\Users\siche\template_archive\lib\gslab_make\sphinx\build\doctrees\pages\api\run_program\gslab_make.run_program.run_stat_transfer.doctree | 2026-05-05 17:49:37 | 17730
C:\Users\siche\template_archive\lib\gslab_make\sphinx\build\html\_static\fonts\fontawesome-webfont.ttf | 2026-05-05 17:49:38 | 165548
C:\Users\siche\template_archive\lib\gslab_make\docs\_static\doctools.js | 2026-05-05 17:49:37 | 4628
C:\Users\siche\template_archive\lib\gslab_make\test\WIP_test_latex.py | 2026-05-05 17:49:38 | 2369
C:\Users\siche\template_archive\lib\gslab_make\sphinx\build\html\searchindex.js | 2026-05-05 17:49:38 | 33853
C:\Users\siche\template_archive\lib\gslab_make\sphinx\build\html\pages\api\make_utility\gslab_make.make_utility.update_paths.html | 2026-05-05 17:49:38 | 7973
C:\Users\siche\template_archive\lib\gslab_make\gslab_make\modify_dir.py | 2026-05-05 17:49:37 | 7632
C:\Users\siche\template_archive\lib\gslab_make\sphinx\build\html\pages\api\move_sources\gslab_make.move_sources.copy_inputs.html | 2026-05-05 17:49:38 | 13450
C:\Users\siche\template_archive\lib\gslab_make\test\raw\run_program\matlab_script_error.m | 2026-05-05 17:49:38 | 5
C:\Users\siche\template_archive\lib\gslab_make\sphinx\build\html\_static\fonts\Lato\lato-bold.woff2 | 2026-05-05 17:49:38 | 184912
C:\Users\siche\template_archive\lib\gslab_make\sphinx\build\html\pages\api\make_utility\gslab_make.make_utility.copy_output.html | 2026-05-05 17:49:38 | 7956
C:\Users\siche\template_archive\lib\gslab_make\docs\_sources\pages\api\move_sources\gslab_make.move_sources.copy_externals.rst.txt | 2026-05-05 17:49:36 | 114
C:\Users\siche\template_archive\lib\gslab_make\docs\_sources\pages\repository.rst.txt | 2026-05-05 17:49:36 | 376
C:\Users\siche\template_archive\lib\gslab_make\docs\_static\fonts\Lato\lato-bold.woff | 2026-05-05 17:49:37 | 309728
C:\Users\siche\template_archive\lib\gslab_make\sphinx\build\doctrees\pages\utility.doctree | 2026-05-05 17:49:37 | 26708
C:\Users\siche\template_archive\lib\gslab_make\sphinx\build\html\_sources\pages\api\make_utility\gslab_make.make_utility.update_executables.rst.txt | 2026-05-05 17:49:37 | 126
C:\Users\siche\template_archive\lib\gslab_make\docs\_sources\pages\api\modify_dir\gslab_make.modify_dir.clear_dir.rst.txt | 2026-05-05 17:49:36 | 97
C:\Users\siche\template_archive\lib\gslab_make\docs\pages\api\run_program\gslab_make.run_program.run_stat_transfer.html | 2026-05-05 17:49:37 | 11923
C:\Users\siche\template_archive\lib\gslab_make\sphinx\build\html\pages\general_logging.html | 2026-05-05 17:49:38 | 15364
C:\Users\siche\template_archive\lib\gslab_make\gslab_make\private\movedirective.py | 2026-05-05 17:49:37 | 13173
C:\Users\siche\template_archive\lib\gslab_make\sphinx\build\html\pages\api\make_utility\gslab_make.make_utility.update_internal_paths.html | 2026-05-05 17:49:38 | 8426
C:\Users\siche\template_archive\lib\gslab_make\docs\_static\js\theme.js | 2026-05-05 17:49:37 | 5023
C:\Users\siche\template_archive\lib\gslab_make\sphinx\build\html\_static\language_data.js | 2026-05-05 17:49:38 | 4957
C:\Users\siche\template_archive\lib\gslab_make\docs\_static\css\fonts\lato-bold.woff | 2026-05-05 17:49:37 | 309728
C:\Users\siche\template_archive\lib\gslab_make\sphinx\source\pages\api\run_program\gslab_make.run_program.run_perl.rst | 2026-05-05 17:49:38 | 95
C:\Users\siche\template_archive\lib\gslab_make\sphinx\build\html\index.html | 2026-05-05 17:49:38 | 7743
C:\Users\siche\template_archive\lib\gslab_make\sphinx\source\pages\program.rst | 2026-05-05 17:49:38 | 2781
C:\Users\siche\template_archive\lib\gslab_make\sphinx\build\html\_sources\pages\api\write_logs\gslab_make.write_logs.log_files_in_output.rst.txt | 2026-05-05 17:49:37 | 127
C:\Users\siche\template_archive\lib\gslab_make\gslab_make\tablefill.py | 2026-05-05 17:49:37 | 20325
C:\Users\siche\template_archive\lib\gslab_make\test\raw\tablefill\tablefill_template_extra_input.lyx | 2026-05-05 17:49:38 | 1820
C:\Users\siche\template_archive\lib\gslab_make\docs\_static\fonts\RobotoSlab\roboto-slab-v7-regular.ttf | 2026-05-05 17:49:37 | 169064
C:\Users\siche\template_archive\lib\gslab_make\sphinx\source\conf.py | 2026-05-05 17:49:38 | 1592
C:\Users\siche\template_archive\lib\gslab_make\docs\_sources\pages\api\move_sources\gslab_make.move_sources.link_inputs.rst.txt | 2026-05-05 17:49:36 | 105
C:\Users\siche\template_archive\lib\gslab_make\test\EXCLUDE_test_lyx.py | 2026-05-05 17:49:38 | 9513
C:\Users\siche\template_archive\lib\gslab_make\test\raw\run_program\lyx_file_comments.lyx | 2026-05-05 17:49:38 | 1866
C:\Users\siche\template_archive\lib\gslab_make\build\lib\test\test_makelog.py | 2026-05-05 17:49:36 | 2378
C:\Users\siche\template_archive\lib\gslab_make\docs\_sources\pages\api\run_program\gslab_make.run_program.run_module.rst.txt | 2026-05-05 17:49:36 | 101
C:\Users\siche\template_archive\lib\gslab_make\sphinx\build\html\_static\js\html5shiv.min.js | 2026-05-05 17:49:38 | 2737
C:\Users\siche\template_archive\lib\gslab_make\sphinx\build\html\_static\fonts\Inconsolata-Bold.ttf | 2026-05-05 17:49:38 | 109948
C:\Users\siche\template_archive\lib\gslab_make\docs\_static\fonts\fontawesome-webfont.woff2 | 2026-05-05 17:49:37 | 77160
C:\Users\siche\template_archive\lib\gslab_make\sphinx\source\pages\api\write_logs\gslab_make.write_logs.log_files_in_output.rst | 2026-05-05 17:49:38 | 127
C:\Users\siche\template_archive\lib\gslab_make\sphinx\source\pages\api\modify_dir\gslab_make.modify_dir.zip_dir.rst | 2026-05-05 17:49:38 | 91
C:\Users\siche\template_archive\lib\gslab_make\docs\pages\api\check_repo\gslab_make.check_repo.check_conda_status.html | 2026-05-05 17:49:37 | 7505
C:\Users\siche\template_archive\lib\gslab_make\docs\_static\fonts\Lato\lato-regular.eot | 2026-05-05 17:49:37 | 253461
C:\Users\siche\template_archive\lib\gslab_make\docs\_static\pygments.css | 2026-05-05 17:49:37 | 4976
C:\Users\siche\template_archive\lib\gslab_make\docs\pages\api\write_logs\gslab_make.write_logs.end_makelog.html | 2026-05-05 17:49:37 | 7964
C:\Users\siche\template_archive\lib\gslab_make\gslab_make\__pycache__\make_utility.cpython-314.pyc | 2026-05-05 17:51:46 | 6805
C:\Users\siche\template_archive\lib\gslab_make\sphinx\build\html\_static\fonts\RobotoSlab\roboto-slab-v7-bold.eot | 2026-05-05 17:49:38 | 79520
C:\Users\siche\template_archive\lib\gslab_make\docs\_static\fonts\fontawesome-webfont.eot | 2026-05-05 17:49:37 | 165742
C:\Users\siche\template_archive\lib\gslab_make\gslab_make\private\__pycache__\utility.cpython-314.pyc | 2026-05-05 17:51:41 | 8854
C:\Users\siche\template_archive\lib\gslab_make\sphinx\build\html\pages\api\write_source_logs\gslab_make.write_source_logs.write_source_logs.html | 2026-05-05 17:49:38 | 11168
C:\Users\siche\template_archive\lib\gslab_make\docs\_sources\pages\api\make_utility\gslab_make.make_utility.update_paths.rst.txt | 2026-05-05 17:49:36 | 108
C:\Users\siche\template_archive\lib\gslab_make\docs\_sources\pages\api\run_program\gslab_make.run_program.run_mathematica.rst.txt | 2026-05-05 17:49:36 | 116
C:\Users\siche\template_archive\lib\gslab_make\sphinx\source\pages\api\modify_dir\gslab_make.modify_dir.clear_dir.rst | 2026-05-05 17:49:38 | 97
C:\Users\siche\template_archive\lib\gslab_make\test\raw\run_program\matlab_script.m | 2026-05-05 17:49:38 | 86
C:\Users\siche\template_archive\lib\gslab_make\sphinx\build\html\_static\minus.png | 2026-05-05 17:49:38 | 90
C:\Users\siche\template_archive\lib\gslab_make\sphinx\build\doctrees\pages\api\make_utility\gslab_make.make_utility.update_internal_paths.doctree | 2026-05-05 17:49:37 | 8328
C:\Users\siche\template_archive\lib\gslab_make\sphinx\build\html\_sources\pages\api\run_program\gslab_make.run_program.run_sas.rst.txt | 2026-05-05 17:49:37 | 92
C:\Users\siche\template_archive\lib\gslab_make\docs\_static\documentation_options.js | 2026-05-05 17:49:37 | 433
C:\Users\siche\template_archive\lib\gslab_make\docs\_static\css\fonts\fontawesome-webfont.woff2 | 2026-05-05 17:49:37 | 77160
C:\Users\siche\template_archive\lib\gslab_make\sphinx\README.md | 2026-05-05 17:49:37 | 1374
C:\Users\siche\template_archive\lib\gslab_make\gslab_make\private\__init__.py | 2026-05-05 17:49:37 | 0
C:\Users\siche\template_archive\lib\gslab_make\docs\_sources\index.rst.txt | 2026-05-05 17:49:36 | 1071
C:\Users\siche\template_archive\lib\gslab_make\sphinx\build\html\_static\css\fonts\Roboto-Slab-Regular.woff | 2026-05-05 17:49:37 | 86288
C:\Users\siche\template_archive\lib\gslab_make\sphinx\build\html\_static\fonts\Lato\lato-regular.woff2 | 2026-05-05 17:49:38 | 182708
C:\Users\siche\template_archive\lib\gslab_make\sphinx\build\html\_static\underscore-1.12.0.js | 2026-05-05 17:49:38 | 69719
C:\Users\siche\template_archive\lib\gslab_make\sphinx\build\html\pages\utility.html | 2026-05-05 17:49:38 | 12665
C:\Users\siche\template_archive\lib\gslab_make\docs\pages\api\modify_dir\gslab_make.modify_dir.clear_dir.html | 2026-05-05 17:49:37 | 8151
C:\Users\siche\template_archive\lib\gslab_make\docs\_sources\pages\api\run_program\gslab_make.run_program.run_lyx.rst.txt | 2026-05-05 17:49:36 | 92
C:\Users\siche\template_archive\lib\gslab_make\docs\pages\api\run_program\gslab_make.run_program.run_module.html | 2026-05-05 17:49:37 | 10735
C:\Users\siche\template_archive\lib\gslab_make\sphinx\build\doctrees\pages\api\run_program\gslab_make.run_program.run_sas.doctree | 2026-05-05 17:49:37 | 19352
C:\Users\siche\template_archive\lib\gslab_make\gslab_make\private\utility.py | 2026-05-05 17:49:37 | 8489
C:\Users\siche\template_archive\lib\gslab_make\sphinx\build\html\_static\fonts\Lato-Regular.ttf | 2026-05-05 17:49:38 | 656568
C:\Users\siche\template_archive\lib\gslab_make\docs\_sources\pages\api\modify_dir\gslab_make.modify_dir.unzip.rst.txt | 2026-05-05 17:49:36 | 85
C:\Users\siche\template_archive\lib\gslab_make\sphinx\source\pages\general_logging.rst | 2026-05-05 17:49:38 | 673
C:\Users\siche\template_archive\lib\gslab_make\docs\_static\fonts\Lato\lato-bold.eot | 2026-05-05 17:49:37 | 256056
C:\Users\siche\template_archive\lib\gslab_make\docs\_sources\pages\api\check_repo\gslab_make.check_repo.get_modified_sources.rst.txt | 2026-05-05 17:49:36 | 130
C:\Users\siche\template_archive\lib\gslab_make\sphinx\build\doctrees\pages\program.doctree | 2026-05-05 17:49:37 | 201511
C:\Users\siche\template_archive\lib\gslab_make\sphinx\build\html\_sources\pages\api\move_sources\gslab_make.move_sources.link_externals.rst.txt | 2026-05-05 17:49:37 | 114
C:\Users\siche\template_archive\lib\gslab_make\sphinx\build\html\_static\js\badge_only.js | 2026-05-05 17:49:38 | 934
C:\Users\siche\template_archive\lib\gslab_make\sphinx\source\pages\api\move_sources\gslab_make.move_sources.copy_inputs.rst | 2026-05-05 17:49:38 | 105
C:\Users\siche\template_archive\lib\gslab_make\gslab_make\private\programdirective.py | 2026-05-05 17:49:37 | 10721
C:\Users\siche\template_archive\lib\gslab_make\build\lib\test\test_tablefill.py | 2026-05-05 17:49:36 | 4346
C:\Users\siche\template_archive\lib\gslab_make\test\raw\run_program\python_script_arg.py | 2026-05-05 17:49:38 | 188
C:\Users\siche\template_archive\lib\gslab_make\docs\pages\utility.html | 2026-05-05 17:49:37 | 12665
C:\Users\siche\template_archive\lib\gslab_make\gslab_make\__pycache__\modify_dir.cpython-314.pyc | 2026-05-05 17:51:41 | 9136
C:\Users\siche\template_archive\lib\gslab_make\sphinx\source\pages\api\make_utility\gslab_make.make_utility.copy_output.rst | 2026-05-05 17:49:38 | 105
C:\Users\siche\template_archive\lib\gslab_make\sphinx\build\html\pages\api\modify_dir\gslab_make.modify_dir.remove_dir.html | 2026-05-05 17:49:38 | 8347
C:\Users\siche\template_archive\lib\gslab_make\sphinx\build\html\_static\css\fonts\Roboto-Slab-Regular.woff2 | 2026-05-05 17:49:37 | 66444
C:\Users\siche\template_archive\lib\gslab_make\gslab_make\write_logs.py | 2026-05-05 17:49:37 | 10665
C:\Users\siche\template_archive\lib\gslab_make\README.md | 2026-05-05 17:49:36 | 2810
C:\Users\siche\template_archive\lib\gslab_make\docs\_static\fonts\RobotoSlab\roboto-slab-v7-regular.woff2 | 2026-05-05 17:49:37 | 66444
C:\Users\siche\template_archive\lib\gslab_make\test\raw\log_sources\move.txt | 2026-05-05 17:49:38 | 54
C:\Users\siche\template_archive\lib\gslab_make\build\lib\gslab_make\tablefill_info.py | 2026-05-05 17:49:36 | 8766
C:\Users\siche\template_archive\lib\gslab_make\docs\pages\api\modify_dir\gslab_make.modify_dir.zip_dir.html | 2026-05-05 17:49:37 | 6936
